This file contains any messages produced by compilers while
running configure, to aid debugging if configure makes a mistake.

It was created by GnuCOBOL configure 3.3-dev, which was
generated by GNU Autoconf 2.71.  Invocation command line was

  $ ../configure --prefix=/home/a7medmaher/Github/gnucobol/.local --with-json=no --with-db=no

## --------- ##
## Platform. ##
## --------- ##

hostname = a7medmaher-G5-5590
uname -m = x86_64
uname -r = 6.5.0-35-generic
uname -s = Linux
uname -v = #35~22.04.1-Ubuntu SMP PREEMPT_DYNAMIC Tue May  7 09:00:52 UTC 2

/usr/bin/uname -p = x86_64
/bin/uname -X     = unknown

/bin/arch              = x86_64
/usr/bin/arch -k       = unknown
/usr/convex/getsysinfo = unknown
/usr/bin/hostinfo      = unknown
/bin/machine           = unknown
/usr/bin/oslevel       = unknown
/bin/universe          = unknown

PATH: /home/a7medmaher/miniconda3/condabin/
PATH: /home/a7medmaher/.local/bin/
PATH: /usr/local/sbin/
PATH: /usr/local/bin/
PATH: /usr/sbin/
PATH: /usr/bin/
PATH: /sbin/
PATH: /bin/
PATH: /usr/games/
PATH: /usr/local/games/
PATH: /snap/bin/
PATH: /snap/bin/
PATH: /home/a7medmaher/.local/share/JetBrains/Toolbox/scripts/


## ----------- ##
## Core tests. ##
## ----------- ##

configure:2945: looking for aux files: config.rpath config.guess config.sub ltmain.sh ar-lib compile missing install-sh
configure:2958:  trying ../build_aux/
configure:2987:   ../build_aux/config.rpath found
configure:2987:   ../build_aux/config.guess found
configure:2987:   ../build_aux/config.sub found
configure:2987:   ../build_aux/ltmain.sh found
configure:2987:   ../build_aux/ar-lib found
configure:2987:   ../build_aux/compile found
configure:2987:   ../build_aux/missing found
configure:2969:   ../build_aux/install-sh found
configure:3205: checking for a BSD-compatible install
configure:3278: result: /usr/bin/install -c
configure:3289: checking whether build environment is sane
configure:3344: result: yes
configure:3503: checking for a race-free mkdir -p
configure:3547: result: /usr/bin/mkdir -p
configure:3554: checking for gawk
configure:3589: result: no
configure:3554: checking for mawk
configure:3575: found /usr/bin/mawk
configure:3586: result: mawk
configure:3597: checking whether make sets $(MAKE)
configure:3620: result: yes
configure:3650: checking whether make supports nested variables
configure:3668: result: yes
configure:3977: checking for make
configure:3998: found /usr/bin/make
configure:4009: result: make
configure:4074: checking whether make can handle common constructs
configure:4086: make -f confmf.mk
configure:4089: $? = 0
configure:4095: result: yes
configure:4107: checking whether make supports order-only prerequisites
configure:4122: make -f confmf.mk && make -f confmf.mk && cat confinc.out
target am__prereq.
target confprereq.
target am__doit.
target am__prereq.
target am__doit.
configure:4125: $? = 0
configure:4136: result: yes
configure:4150: checking whether CFLAGS -O can be modified
configure:4157: result: yes
configure:4230: checking for gcc
configure:4251: found /usr/bin/gcc
configure:4262: result: gcc
configure:4293: checking for C compiler version
configure:4302: gcc --version >&5
gcc (Ubuntu 11.4.0-1ubuntu1~22.04) 11.4.0
Copyright (C) 2021 Free Software Foundation, Inc.
This is free software; see the source for copying conditions.  There is NO
warranty; not even for MERCHANTABILITY or FITNESS FOR A PARTICULAR PURPOSE.

configure:4313: $? = 0
configure:4302: gcc -v >&5
Using built-in specs.
COLLECT_GCC=gcc
COLLECT_LTO_WRAPPER=/usr/lib/gcc/x86_64-linux-gnu/11/lto-wrapper
OFFLOAD_TARGET_NAMES=nvptx-none:amdgcn-amdhsa
OFFLOAD_TARGET_DEFAULT=1
Target: x86_64-linux-gnu
Configured with: ../src/configure -v --with-pkgversion='Ubuntu 11.4.0-1ubuntu1~22.04' --with-bugurl=file:///usr/share/doc/gcc-11/README.Bugs --enable-languages=c,ada,c++,go,brig,d,fortran,objc,obj-c++,m2 --prefix=/usr --with-gcc-major-version-only --program-suffix=-11 --program-prefix=x86_64-linux-gnu- --enable-shared --enable-linker-build-id --libexecdir=/usr/lib --without-included-gettext --enable-threads=posix --libdir=/usr/lib --enable-nls --enable-bootstrap --enable-clocale=gnu --enable-libstdcxx-debug --enable-libstdcxx-time=yes --with-default-libstdcxx-abi=new --enable-gnu-unique-object --disable-vtable-verify --enable-plugin --enable-default-pie --with-system-zlib --enable-libphobos-checking=release --with-target-system-zlib=auto --enable-objc-gc=auto --enable-multiarch --disable-werror --enable-cet --with-arch-32=i686 --with-abi=m64 --with-multilib-list=m32,m64,mx32 --enable-multilib --with-tune=generic --enable-offload-targets=nvptx-none=/build/gcc-11-XeT9lY/gcc-11-11.4.0/debian/tmp-nvptx/usr,amdgcn-amdhsa=/build/gcc-11-XeT9lY/gcc-11-11.4.0/debian/tmp-gcn/usr --without-cuda-driver --enable-checking=release --build=x86_64-linux-gnu --host=x86_64-linux-gnu --target=x86_64-linux-gnu --with-build-config=bootstrap-lto-lean --enable-link-serialization=2
Thread model: posix
Supported LTO compression algorithms: zlib zstd
gcc version 11.4.0 (Ubuntu 11.4.0-1ubuntu1~22.04) 
... rest of stderr output deleted ...
configure:4313: $? = 0
configure:4302: gcc -V >&5
gcc: error: unrecognized command-line option '-V'
gcc: fatal error: no input files
compilation terminated.
configure:4313: $? = 1
configure:4302: gcc -qversion >&5
gcc: error: unrecognized command-line option '-qversion'; did you mean '--version'?
gcc: fatal error: no input files
compilation terminated.
configure:4313: $? = 1
configure:4302: gcc -version >&5
gcc: error: unrecognized command-line option '-version'
gcc: fatal error: no input files
compilation terminated.
configure:4313: $? = 1
configure:4333: checking whether the C compiler works
configure:4355: gcc -O2   conftest.c  >&5
configure:4359: $? = 0
configure:4409: result: yes
configure:4412: checking for C compiler default output file name
configure:4414: result: a.out
configure:4420: checking for suffix of executables
configure:4427: gcc -o conftest -O2   conftest.c  >&5
configure:4431: $? = 0
configure:4454: result: 
configure:4476: checking whether we are cross compiling
configure:4484: gcc -o conftest -O2   conftest.c  >&5
configure:4488: $? = 0
configure:4495: ./conftest
configure:4499: $? = 0
configure:4514: result: no
configure:4519: checking for suffix of object files
configure:4542: gcc -c -O2  conftest.c >&5
configure:4546: $? = 0
configure:4568: result: o
configure:4572: checking whether the compiler supports GNU C
configure:4592: gcc -c -O2  conftest.c >&5
configure:4592: $? = 0
configure:4602: result: yes
configure:4613: checking whether gcc accepts -g
configure:4634: gcc -c -g  conftest.c >&5
configure:4634: $? = 0
configure:4678: result: yes
configure:4698: checking for gcc option to enable C11 features
configure:4713: gcc  -c -O2  conftest.c >&5
configure:4713: $? = 0
configure:4731: result: none needed
configure:4847: checking whether gcc understands -c and -o together
configure:4870: gcc -c conftest.c -o conftest2.o
configure:4873: $? = 0
configure:4870: gcc -c conftest.c -o conftest2.o
configure:4873: $? = 0
configure:4885: result: yes
configure:4905: checking whether make supports the include directive
configure:4920: make -f confmf.GNU && cat confinc.out
this is the am__doit target
configure:4923: $? = 0
configure:4942: result: yes (GNU style)
configure:4968: checking dependency style of gcc
configure:5080: result: gcc3
configure:5101: checking for stdio.h
configure:5101: gcc -c -O2  conftest.c >&5
configure:5101: $? = 0
configure:5101: result: yes
configure:5101: checking for stdlib.h
configure:5101: gcc -c -O2  conftest.c >&5
configure:5101: $? = 0
configure:5101: result: yes
configure:5101: checking for string.h
configure:5101: gcc -c -O2  conftest.c >&5
configure:5101: $? = 0
configure:5101: result: yes
configure:5101: checking for inttypes.h
configure:5101: gcc -c -O2  conftest.c >&5
configure:5101: $? = 0
configure:5101: result: yes
configure:5101: checking for stdint.h
configure:5101: gcc -c -O2  conftest.c >&5
configure:5101: $? = 0
configure:5101: result: yes
configure:5101: checking for strings.h
configure:5101: gcc -c -O2  conftest.c >&5
configure:5101: $? = 0
configure:5101: result: yes
configure:5101: checking for sys/stat.h
configure:5101: gcc -c -O2  conftest.c >&5
configure:5101: $? = 0
configure:5101: result: yes
configure:5101: checking for sys/types.h
configure:5101: gcc -c -O2  conftest.c >&5
configure:5101: $? = 0
configure:5101: result: yes
configure:5101: checking for unistd.h
configure:5101: gcc -c -O2  conftest.c >&5
configure:5101: $? = 0
configure:5101: result: yes
configure:5101: checking for wchar.h
configure:5101: gcc -c -O2  conftest.c >&5
configure:5101: $? = 0
configure:5101: result: yes
configure:5101: checking for minix/config.h
configure:5101: gcc -c -O2  conftest.c >&5
conftest.c:50:10: fatal error: minix/config.h: No such file or directory
   50 | #include <minix/config.h>
      |          ^~~~~~~~~~~~~~~~
compilation terminated.
configure:5101: $? = 1
configure: failed program was:
| /* confdefs.h */
| #define PACKAGE_NAME "GnuCOBOL"
| #define PACKAGE_TARNAME "gnucobol"
| #define PACKAGE_VERSION "3.3-dev"
| #define PACKAGE_STRING "GnuCOBOL 3.3-dev"
| #define PACKAGE_BUGREPORT "bug-gnucobol@gnu.org"
| #define PACKAGE_URL "https://www.gnu.org/software/gnucobol/"
| #define PACKAGE "gnucobol"
| #define PATCH_LEVEL 0
| #define MAX_CALL_FIELD_PARAMS 192
| #define HAVE_STDIO_H 1
| #define HAVE_STDLIB_H 1
| #define HAVE_STRING_H 1
| #define HAVE_INTTYPES_H 1
| #define HAVE_STDINT_H 1
| #define HAVE_STRINGS_H 1
| #define HAVE_SYS_STAT_H 1
| #define HAVE_SYS_TYPES_H 1
| #define HAVE_UNISTD_H 1
| #define HAVE_WCHAR_H 1
| /* end confdefs.h.  */
| #include <stddef.h>
| #ifdef HAVE_STDIO_H
| # include <stdio.h>
| #endif
| #ifdef HAVE_STDLIB_H
| # include <stdlib.h>
| #endif
| #ifdef HAVE_STRING_H
| # include <string.h>
| #endif
| #ifdef HAVE_INTTYPES_H
| # include <inttypes.h>
| #endif
| #ifdef HAVE_STDINT_H
| # include <stdint.h>
| #endif
| #ifdef HAVE_STRINGS_H
| # include <strings.h>
| #endif
| #ifdef HAVE_SYS_TYPES_H
| # include <sys/types.h>
| #endif
| #ifdef HAVE_SYS_STAT_H
| # include <sys/stat.h>
| #endif
| #ifdef HAVE_UNISTD_H
| # include <unistd.h>
| #endif
| #include <minix/config.h>
configure:5101: result: no
configure:5132: checking whether it is safe to define __EXTENSIONS__
configure:5151: gcc -c -O2  conftest.c >&5
configure:5151: $? = 0
configure:5159: result: yes
configure:5162: checking whether _XOPEN_SOURCE should be defined
configure:5184: gcc -c -O2  conftest.c >&5
configure:5184: $? = 0
configure:5211: result: no
configure:5278: checking for __INTEL_COMPILER
configure:5287: gcc -c -O2  conftest.c >&5
conftest.c:41:11: error: #error macro not defined
   41 |         # error macro not defined
      |           ^~~~~
configure:5287: $? = 1
configure: failed program was:
| /* confdefs.h */
| #define PACKAGE_NAME "GnuCOBOL"
| #define PACKAGE_TARNAME "gnucobol"
| #define PACKAGE_VERSION "3.3-dev"
| #define PACKAGE_STRING "GnuCOBOL 3.3-dev"
| #define PACKAGE_BUGREPORT "bug-gnucobol@gnu.org"
| #define PACKAGE_URL "https://www.gnu.org/software/gnucobol/"
| #define PACKAGE "gnucobol"
| #define PATCH_LEVEL 0
| #define MAX_CALL_FIELD_PARAMS 192
| #define HAVE_STDIO_H 1
| #define HAVE_STDLIB_H 1
| #define HAVE_STRING_H 1
| #define HAVE_INTTYPES_H 1
| #define HAVE_STDINT_H 1
| #define HAVE_STRINGS_H 1
| #define HAVE_SYS_STAT_H 1
| #define HAVE_SYS_TYPES_H 1
| #define HAVE_UNISTD_H 1
| #define HAVE_WCHAR_H 1
| #define STDC_HEADERS 1
| #define _ALL_SOURCE 1
| #define _DARWIN_C_SOURCE 1
| #define _GNU_SOURCE 1
| #define _HPUX_ALT_XOPEN_SOCKET_API 1
| #define _NETBSD_SOURCE 1
| #define _OPENBSD_SOURCE 1
| #define _POSIX_PTHREAD_SEMANTICS 1
| #define __STDC_WANT_IEC_60559_ATTRIBS_EXT__ 1
| #define __STDC_WANT_IEC_60559_BFP_EXT__ 1
| #define __STDC_WANT_IEC_60559_DFP_EXT__ 1
| #define __STDC_WANT_IEC_60559_FUNCS_EXT__ 1
| #define __STDC_WANT_IEC_60559_TYPES_EXT__ 1
| #define __STDC_WANT_LIB_EXT2__ 1
| #define __STDC_WANT_MATH_SPEC_FUNCS__ 1
| #define _TANDEM_SOURCE 1
| #define __EXTENSIONS__ 1
| /* end confdefs.h.  */
| 
| 	#ifndef __INTEL_COMPILER
| 	# error macro not defined
| 	#endif
configure:5296: result: no
configure:5302: checking for __clang__
configure:5311: gcc -c -O2  conftest.c >&5
conftest.c:41:11: error: #error macro not defined
   41 |         # error macro not defined
      |           ^~~~~
configure:5311: $? = 1
configure: failed program was:
| /* confdefs.h */
| #define PACKAGE_NAME "GnuCOBOL"
| #define PACKAGE_TARNAME "gnucobol"
| #define PACKAGE_VERSION "3.3-dev"
| #define PACKAGE_STRING "GnuCOBOL 3.3-dev"
| #define PACKAGE_BUGREPORT "bug-gnucobol@gnu.org"
| #define PACKAGE_URL "https://www.gnu.org/software/gnucobol/"
| #define PACKAGE "gnucobol"
| #define PATCH_LEVEL 0
| #define MAX_CALL_FIELD_PARAMS 192
| #define HAVE_STDIO_H 1
| #define HAVE_STDLIB_H 1
| #define HAVE_STRING_H 1
| #define HAVE_INTTYPES_H 1
| #define HAVE_STDINT_H 1
| #define HAVE_STRINGS_H 1
| #define HAVE_SYS_STAT_H 1
| #define HAVE_SYS_TYPES_H 1
| #define HAVE_UNISTD_H 1
| #define HAVE_WCHAR_H 1
| #define STDC_HEADERS 1
| #define _ALL_SOURCE 1
| #define _DARWIN_C_SOURCE 1
| #define _GNU_SOURCE 1
| #define _HPUX_ALT_XOPEN_SOCKET_API 1
| #define _NETBSD_SOURCE 1
| #define _OPENBSD_SOURCE 1
| #define _POSIX_PTHREAD_SEMANTICS 1
| #define __STDC_WANT_IEC_60559_ATTRIBS_EXT__ 1
| #define __STDC_WANT_IEC_60559_BFP_EXT__ 1
| #define __STDC_WANT_IEC_60559_DFP_EXT__ 1
| #define __STDC_WANT_IEC_60559_FUNCS_EXT__ 1
| #define __STDC_WANT_IEC_60559_TYPES_EXT__ 1
| #define __STDC_WANT_LIB_EXT2__ 1
| #define __STDC_WANT_MATH_SPEC_FUNCS__ 1
| #define _TANDEM_SOURCE 1
| #define __EXTENSIONS__ 1
| /* end confdefs.h.  */
| 
| 	#ifndef __clang__
| 	# error macro not defined
| 	#endif
configure:5317: result: no
configure:5322: checking for __xlc__
configure:5331: gcc -c -O2  conftest.c >&5
conftest.c:41:11: error: #error macro not defined
   41 |         # error macro not defined
      |           ^~~~~
configure:5331: $? = 1
configure: failed program was:
| /* confdefs.h */
| #define PACKAGE_NAME "GnuCOBOL"
| #define PACKAGE_TARNAME "gnucobol"
| #define PACKAGE_VERSION "3.3-dev"
| #define PACKAGE_STRING "GnuCOBOL 3.3-dev"
| #define PACKAGE_BUGREPORT "bug-gnucobol@gnu.org"
| #define PACKAGE_URL "https://www.gnu.org/software/gnucobol/"
| #define PACKAGE "gnucobol"
| #define PATCH_LEVEL 0
| #define MAX_CALL_FIELD_PARAMS 192
| #define HAVE_STDIO_H 1
| #define HAVE_STDLIB_H 1
| #define HAVE_STRING_H 1
| #define HAVE_INTTYPES_H 1
| #define HAVE_STDINT_H 1
| #define HAVE_STRINGS_H 1
| #define HAVE_SYS_STAT_H 1
| #define HAVE_SYS_TYPES_H 1
| #define HAVE_UNISTD_H 1
| #define HAVE_WCHAR_H 1
| #define STDC_HEADERS 1
| #define _ALL_SOURCE 1
| #define _DARWIN_C_SOURCE 1
| #define _GNU_SOURCE 1
| #define _HPUX_ALT_XOPEN_SOCKET_API 1
| #define _NETBSD_SOURCE 1
| #define _OPENBSD_SOURCE 1
| #define _POSIX_PTHREAD_SEMANTICS 1
| #define __STDC_WANT_IEC_60559_ATTRIBS_EXT__ 1
| #define __STDC_WANT_IEC_60559_BFP_EXT__ 1
| #define __STDC_WANT_IEC_60559_DFP_EXT__ 1
| #define __STDC_WANT_IEC_60559_FUNCS_EXT__ 1
| #define __STDC_WANT_IEC_60559_TYPES_EXT__ 1
| #define __STDC_WANT_LIB_EXT2__ 1
| #define __STDC_WANT_MATH_SPEC_FUNCS__ 1
| #define _TANDEM_SOURCE 1
| #define __EXTENSIONS__ 1
| /* end confdefs.h.  */
| 
| 	#ifndef __xlc__
| 	# error macro not defined
| 	#endif
configure:5337: result: no
configure:5342: checking for __WATCOMC__
configure:5351: gcc -c -O2  conftest.c >&5
conftest.c:41:11: error: #error macro not defined
   41 |         # error macro not defined
      |           ^~~~~
configure:5351: $? = 1
configure: failed program was:
| /* confdefs.h */
| #define PACKAGE_NAME "GnuCOBOL"
| #define PACKAGE_TARNAME "gnucobol"
| #define PACKAGE_VERSION "3.3-dev"
| #define PACKAGE_STRING "GnuCOBOL 3.3-dev"
| #define PACKAGE_BUGREPORT "bug-gnucobol@gnu.org"
| #define PACKAGE_URL "https://www.gnu.org/software/gnucobol/"
| #define PACKAGE "gnucobol"
| #define PATCH_LEVEL 0
| #define MAX_CALL_FIELD_PARAMS 192
| #define HAVE_STDIO_H 1
| #define HAVE_STDLIB_H 1
| #define HAVE_STRING_H 1
| #define HAVE_INTTYPES_H 1
| #define HAVE_STDINT_H 1
| #define HAVE_STRINGS_H 1
| #define HAVE_SYS_STAT_H 1
| #define HAVE_SYS_TYPES_H 1
| #define HAVE_UNISTD_H 1
| #define HAVE_WCHAR_H 1
| #define STDC_HEADERS 1
| #define _ALL_SOURCE 1
| #define _DARWIN_C_SOURCE 1
| #define _GNU_SOURCE 1
| #define _HPUX_ALT_XOPEN_SOCKET_API 1
| #define _NETBSD_SOURCE 1
| #define _OPENBSD_SOURCE 1
| #define _POSIX_PTHREAD_SEMANTICS 1
| #define __STDC_WANT_IEC_60559_ATTRIBS_EXT__ 1
| #define __STDC_WANT_IEC_60559_BFP_EXT__ 1
| #define __STDC_WANT_IEC_60559_DFP_EXT__ 1
| #define __STDC_WANT_IEC_60559_FUNCS_EXT__ 1
| #define __STDC_WANT_IEC_60559_TYPES_EXT__ 1
| #define __STDC_WANT_LIB_EXT2__ 1
| #define __STDC_WANT_MATH_SPEC_FUNCS__ 1
| #define _TANDEM_SOURCE 1
| #define __EXTENSIONS__ 1
| /* end confdefs.h.  */
| 
| 	#ifndef __WATCOMC__
| 	# error macro not defined
| 	#endif
configure:5357: result: no
configure:5362: checking for __SUNPRO_C
configure:5371: gcc -c -O2  conftest.c >&5
conftest.c:41:11: error: #error macro not defined
   41 |         # error macro not defined
      |           ^~~~~
configure:5371: $? = 1
configure: failed program was:
| /* confdefs.h */
| #define PACKAGE_NAME "GnuCOBOL"
| #define PACKAGE_TARNAME "gnucobol"
| #define PACKAGE_VERSION "3.3-dev"
| #define PACKAGE_STRING "GnuCOBOL 3.3-dev"
| #define PACKAGE_BUGREPORT "bug-gnucobol@gnu.org"
| #define PACKAGE_URL "https://www.gnu.org/software/gnucobol/"
| #define PACKAGE "gnucobol"
| #define PATCH_LEVEL 0
| #define MAX_CALL_FIELD_PARAMS 192
| #define HAVE_STDIO_H 1
| #define HAVE_STDLIB_H 1
| #define HAVE_STRING_H 1
| #define HAVE_INTTYPES_H 1
| #define HAVE_STDINT_H 1
| #define HAVE_STRINGS_H 1
| #define HAVE_SYS_STAT_H 1
| #define HAVE_SYS_TYPES_H 1
| #define HAVE_UNISTD_H 1
| #define HAVE_WCHAR_H 1
| #define STDC_HEADERS 1
| #define _ALL_SOURCE 1
| #define _DARWIN_C_SOURCE 1
| #define _GNU_SOURCE 1
| #define _HPUX_ALT_XOPEN_SOCKET_API 1
| #define _NETBSD_SOURCE 1
| #define _OPENBSD_SOURCE 1
| #define _POSIX_PTHREAD_SEMANTICS 1
| #define __STDC_WANT_IEC_60559_ATTRIBS_EXT__ 1
| #define __STDC_WANT_IEC_60559_BFP_EXT__ 1
| #define __STDC_WANT_IEC_60559_DFP_EXT__ 1
| #define __STDC_WANT_IEC_60559_FUNCS_EXT__ 1
| #define __STDC_WANT_IEC_60559_TYPES_EXT__ 1
| #define __STDC_WANT_LIB_EXT2__ 1
| #define __STDC_WANT_MATH_SPEC_FUNCS__ 1
| #define _TANDEM_SOURCE 1
| #define __EXTENSIONS__ 1
| /* end confdefs.h.  */
| 
| 	#ifndef __SUNPRO_C
| 	# error macro not defined
| 	#endif
configure:5377: result: no
configure:5383: checking how to error on warnings during configure checks
configure:5412: gcc -o conftest -O2 -Wall -Werror   conftest.c  >&5
configure:5412: $? = 0
configure:5422: result: -Wall -Werror
configure:5738: checking for windres
configure:5773: result: no
configure:5849: checking for ar
configure:5870: found /usr/bin/ar
configure:5881: result: ar
configure:5907: checking the archiver (ar) interface
configure:5924: gcc -c -O2  conftest.c >&5
configure:5924: $? = 0
configure:5927: ar cru libconftest.a conftest.o >&5
ar: `u' modifier ignored since `D' is the default (see `U')
configure:5930: $? = 0
configure:5958: result: ar
configure:6010: checking build system type
configure:6025: result: x86_64-pc-linux-gnu
configure:6045: checking host system type
configure:6059: result: x86_64-pc-linux-gnu
configure:6100: checking how to print strings
configure:6127: result: printf
configure:6148: checking for a sed that does not truncate output
configure:6218: result: /usr/bin/sed
configure:6236: checking for grep that handles long lines and -e
configure:6300: result: /usr/bin/grep
configure:6305: checking for egrep
configure:6373: result: /usr/bin/grep -E
configure:6378: checking for fgrep
configure:6446: result: /usr/bin/grep -F
configure:6482: checking for ld used by gcc
configure:6550: result: /usr/bin/ld
configure:6557: checking if the linker (/usr/bin/ld) is GNU ld
configure:6573: result: yes
configure:6585: checking for BSD- or MS-compatible name lister (nm)
configure:6640: result: /usr/bin/nm -B
configure:6780: checking the name lister (/usr/bin/nm -B) interface
configure:6788: gcc -c -O2  conftest.c >&5
configure:6791: /usr/bin/nm -B "conftest.o"
configure:6794: output
0000000000000000 B some_variable
configure:6801: result: BSD nm
configure:6804: checking whether ln -s works
configure:6808: result: yes
configure:6816: checking the maximum length of command line arguments
configure:6948: result: 1572864
configure:6996: checking how to convert x86_64-pc-linux-gnu file names to x86_64-pc-linux-gnu format
configure:7037: result: func_convert_file_noop
configure:7044: checking how to convert x86_64-pc-linux-gnu file names to toolchain format
configure:7065: result: func_convert_file_noop
configure:7072: checking for /usr/bin/ld option to reload object files
configure:7080: result: -r
configure:7159: checking for objdump
configure:7180: found /usr/bin/objdump
configure:7191: result: objdump
configure:7220: checking how to recognize dependent libraries
configure:7421: result: pass_all
configure:7511: checking for dlltool
configure:7546: result: no
configure:7573: checking how to associate runtime and link libraries
configure:7601: result: printf %s\n
configure:7751: checking for archiver @FILE support
configure:7769: gcc -c -O2  conftest.c >&5
configure:7769: $? = 0
configure:7773: ar cr libconftest.a @conftest.lst >&5
configure:7776: $? = 0
configure:7781: ar cr libconftest.a @conftest.lst >&5
ar: conftest.o: No such file or directory
configure:7784: $? = 1
configure:7796: result: @
configure:7859: checking for strip
configure:7880: found /usr/bin/strip
configure:7891: result: strip
configure:7968: checking for ranlib
configure:7989: found /usr/bin/ranlib
configure:8000: result: ranlib
configure:8102: checking command to parse /usr/bin/nm -B output from gcc object
configure:8256: gcc -c -O2  conftest.c >&5
configure:8259: $? = 0
configure:8263: /usr/bin/nm -B conftest.o \| sed -n -e 's/^.*[ ]\([ABCDGIRSTW][ABCDGIRSTW]*\)[ ][ ]*\([_A-Za-z][_A-Za-z0-9]*\)$/\1 \2 \2/p' | sed '/ __gnu_lto/d' \> conftest.nm
configure:8266: $? = 0
configure:8332: gcc -o conftest -O2   conftest.c conftstm.o >&5
configure:8335: $? = 0
configure:8373: result: ok
configure:8420: checking for sysroot
configure:8451: result: no
configure:8458: checking for a working dd
configure:8502: result: /usr/bin/dd
configure:8506: checking how to truncate binary pipes
configure:8522: result: /usr/bin/dd bs=4096 count=1
configure:8659: gcc -c -O2  conftest.c >&5
configure:8662: $? = 0
configure:8859: checking for mt
configure:8880: found /usr/bin/mt
configure:8891: result: mt
configure:8914: checking if mt is a manifest tool
configure:8921: mt '-?'
configure:8929: result: no
configure:9655: checking for dlfcn.h
configure:9655: gcc -c -O2  conftest.c >&5
configure:9655: $? = 0
configure:9655: result: yes
configure:10241: checking for objdir
configure:10257: result: .libs
configure:10521: checking if gcc supports -fno-rtti -fno-exceptions
configure:10540: gcc -c -O2  -fno-rtti -fno-exceptions conftest.c >&5
cc1: warning: command-line option '-fno-rtti' is valid for C++/D/ObjC++ but not for C
configure:10544: $? = 0
configure:10557: result: no
configure:10915: checking for gcc option to produce PIC
configure:10923: result: -fPIC -DPIC
configure:10931: checking if gcc PIC flag -fPIC -DPIC works
configure:10950: gcc -c -O2  -fPIC -DPIC -DPIC conftest.c >&5
configure:10954: $? = 0
configure:10967: result: yes
configure:10996: checking if gcc static flag -static works
configure:11025: result: yes
configure:11040: checking if gcc supports -c -o file.o
configure:11062: gcc -c -O2  -o out/conftest2.o conftest.c >&5
configure:11066: $? = 0
configure:11088: result: yes
configure:11096: checking if gcc supports -c -o file.o
configure:11144: result: yes
configure:11177: checking whether the gcc linker (/usr/bin/ld -m elf_x86_64) supports shared libraries
configure:12445: result: yes
configure:12482: checking whether -lc should be explicitly linked in
configure:12491: gcc -c -O2  conftest.c >&5
configure:12494: $? = 0
configure:12509: gcc -shared  -fPIC -DPIC conftest.o  -v -Wl,-soname -Wl,conftest -o conftest 2\>\&1 \| /usr/bin/grep  -lc  \>/dev/null 2\>\&1
configure:12512: $? = 0
configure:12526: result: no
configure:12686: checking dynamic linker characteristics
configure:13268: gcc -o conftest -O2   -Wl,-rpath -Wl,/foo conftest.c  >&5
configure:13268: $? = 0
configure:13519: result: GNU/Linux ld.so
configure:13641: checking how to hardcode library paths into programs
configure:13666: result: immediate
configure:13768: checking for shl_load
configure:13768: gcc -o conftest -O2   conftest.c  >&5
/usr/bin/ld: /tmp/ccpn5EfS.o: in function `main':
conftest.c:(.text.startup+0xb): undefined reference to `shl_load'
collect2: error: ld returned 1 exit status
configure:13768: $? = 1
configure: failed program was:
| /* confdefs.h */
| #define PACKAGE_NAME "GnuCOBOL"
| #define PACKAGE_TARNAME "gnucobol"
| #define PACKAGE_VERSION "3.3-dev"
| #define PACKAGE_STRING "GnuCOBOL 3.3-dev"
| #define PACKAGE_BUGREPORT "bug-gnucobol@gnu.org"
| #define PACKAGE_URL "https://www.gnu.org/software/gnucobol/"
| #define PACKAGE "gnucobol"
| #define PATCH_LEVEL 0
| #define MAX_CALL_FIELD_PARAMS 192
| #define HAVE_STDIO_H 1
| #define HAVE_STDLIB_H 1
| #define HAVE_STRING_H 1
| #define HAVE_INTTYPES_H 1
| #define HAVE_STDINT_H 1
| #define HAVE_STRINGS_H 1
| #define HAVE_SYS_STAT_H 1
| #define HAVE_SYS_TYPES_H 1
| #define HAVE_UNISTD_H 1
| #define HAVE_WCHAR_H 1
| #define STDC_HEADERS 1
| #define _ALL_SOURCE 1
| #define _DARWIN_C_SOURCE 1
| #define _GNU_SOURCE 1
| #define _HPUX_ALT_XOPEN_SOCKET_API 1
| #define _NETBSD_SOURCE 1
| #define _OPENBSD_SOURCE 1
| #define _POSIX_PTHREAD_SEMANTICS 1
| #define __STDC_WANT_IEC_60559_ATTRIBS_EXT__ 1
| #define __STDC_WANT_IEC_60559_BFP_EXT__ 1
| #define __STDC_WANT_IEC_60559_DFP_EXT__ 1
| #define __STDC_WANT_IEC_60559_FUNCS_EXT__ 1
| #define __STDC_WANT_IEC_60559_TYPES_EXT__ 1
| #define __STDC_WANT_LIB_EXT2__ 1
| #define __STDC_WANT_MATH_SPEC_FUNCS__ 1
| #define _TANDEM_SOURCE 1
| #define __EXTENSIONS__ 1
| #define HAVE_DLFCN_H 1
| #define LT_OBJDIR ".libs/"
| /* end confdefs.h.  */
| /* Define shl_load to an innocuous variant, in case <limits.h> declares shl_load.
|    For example, HP-UX 11i <limits.h> declares gettimeofday.  */
| #define shl_load innocuous_shl_load
| 
| /* System header to define __stub macros and hopefully few prototypes,
|    which can conflict with char shl_load (); below.  */
| 
| #include <limits.h>
| #undef shl_load
| 
| /* Override any GCC internal prototype to avoid an error.
|    Use char because int might match the return type of a GCC
|    builtin and then its argument prototype would still apply.  */
| #ifdef __cplusplus
| extern "C"
| #endif
| char shl_load ();
| /* The GNU C library defines this for functions which it implements
|     to always fail with ENOSYS.  Some functions are actually named
|     something starting with __ and the normal name is an alias.  */
| #if defined __stub_shl_load || defined __stub___shl_load
| choke me
| #endif
| 
| int
| main (void)
| {
| return shl_load ();
|   ;
|   return 0;
| }
configure:13768: result: no
configure:13773: checking for shl_load in -ldld
configure:13796: gcc -o conftest -O2   conftest.c -ldld   >&5
/usr/bin/ld: cannot find -ldld: No such file or directory
collect2: error: ld returned 1 exit status
configure:13796: $? = 1
configure: failed program was:
| /* confdefs.h */
| #define PACKAGE_NAME "GnuCOBOL"
| #define PACKAGE_TARNAME "gnucobol"
| #define PACKAGE_VERSION "3.3-dev"
| #define PACKAGE_STRING "GnuCOBOL 3.3-dev"
| #define PACKAGE_BUGREPORT "bug-gnucobol@gnu.org"
| #define PACKAGE_URL "https://www.gnu.org/software/gnucobol/"
| #define PACKAGE "gnucobol"
| #define PATCH_LEVEL 0
| #define MAX_CALL_FIELD_PARAMS 192
| #define HAVE_STDIO_H 1
| #define HAVE_STDLIB_H 1
| #define HAVE_STRING_H 1
| #define HAVE_INTTYPES_H 1
| #define HAVE_STDINT_H 1
| #define HAVE_STRINGS_H 1
| #define HAVE_SYS_STAT_H 1
| #define HAVE_SYS_TYPES_H 1
| #define HAVE_UNISTD_H 1
| #define HAVE_WCHAR_H 1
| #define STDC_HEADERS 1
| #define _ALL_SOURCE 1
| #define _DARWIN_C_SOURCE 1
| #define _GNU_SOURCE 1
| #define _HPUX_ALT_XOPEN_SOCKET_API 1
| #define _NETBSD_SOURCE 1
| #define _OPENBSD_SOURCE 1
| #define _POSIX_PTHREAD_SEMANTICS 1
| #define __STDC_WANT_IEC_60559_ATTRIBS_EXT__ 1
| #define __STDC_WANT_IEC_60559_BFP_EXT__ 1
| #define __STDC_WANT_IEC_60559_DFP_EXT__ 1
| #define __STDC_WANT_IEC_60559_FUNCS_EXT__ 1
| #define __STDC_WANT_IEC_60559_TYPES_EXT__ 1
| #define __STDC_WANT_LIB_EXT2__ 1
| #define __STDC_WANT_MATH_SPEC_FUNCS__ 1
| #define _TANDEM_SOURCE 1
| #define __EXTENSIONS__ 1
| #define HAVE_DLFCN_H 1
| #define LT_OBJDIR ".libs/"
| /* end confdefs.h.  */
| 
| /* Override any GCC internal prototype to avoid an error.
|    Use char because int might match the return type of a GCC
|    builtin and then its argument prototype would still apply.  */
| char shl_load ();
| int
| main (void)
| {
| return shl_load ();
|   ;
|   return 0;
| }
configure:13806: result: no
configure:13812: checking for dlopen
configure:13812: gcc -o conftest -O2   conftest.c  >&5
configure:13812: $? = 0
configure:13812: result: yes
configure:13970: checking whether a program can dlopen itself
configure:14051: gcc -o conftest -O2  -DHAVE_DLFCN_H  -Wl,--export-dynamic conftest.c   >&5
configure:14054: $? = 0
configure:14072: result: yes
configure:14077: checking whether a statically linked program can dlopen itself
configure:14158: gcc -o conftest -O2  -DHAVE_DLFCN_H  -Wl,--export-dynamic -static conftest.c   >&5
/usr/bin/ld: /tmp/ccgOS9WE.o: in function `main':
conftest.c:(.text.startup+0xd): warning: Using 'dlopen' in statically linked applications requires at runtime the shared libraries from the glibc version used for linking
configure:14161: $? = 0
conftest: undefined symbol: _fnord
configure:14179: result: no
configure:14218: checking whether stripping libraries is possible
configure:14227: result: yes
configure:14269: checking if libtool supports shared libraries
configure:14271: result: yes
configure:14274: checking whether to build shared libraries
configure:14299: result: yes
configure:14302: checking whether to build static libraries
configure:14306: result: yes
configure:14424: checking for flex
configure:14445: found /usr/bin/flex
configure:14456: result: flex
configure:14505: checking for lex output file root
configure:14518: flex conftest.l
configure:14522: $? = 0
configure:14530: result: lex.yy
configure:14545: checking for lex library
configure:14570: gcc -o conftest -O2   conftest.c  >&5
configure:14570: $? = 0
configure:14583: result: none needed
configure:14598: checking for library containing yywrap
configure:14628: gcc -o conftest -O2   conftest.c  >&5
/usr/bin/ld: /tmp/cclQ2d98.o: in function `main':
conftest.c:(.text.startup+0xb): undefined reference to `yywrap'
collect2: error: ld returned 1 exit status
configure:14628: $? = 1
configure: failed program was:
| /* confdefs.h */
| #define PACKAGE_NAME "GnuCOBOL"
| #define PACKAGE_TARNAME "gnucobol"
| #define PACKAGE_VERSION "3.3-dev"
| #define PACKAGE_STRING "GnuCOBOL 3.3-dev"
| #define PACKAGE_BUGREPORT "bug-gnucobol@gnu.org"
| #define PACKAGE_URL "https://www.gnu.org/software/gnucobol/"
| #define PACKAGE "gnucobol"
| #define PATCH_LEVEL 0
| #define MAX_CALL_FIELD_PARAMS 192
| #define HAVE_STDIO_H 1
| #define HAVE_STDLIB_H 1
| #define HAVE_STRING_H 1
| #define HAVE_INTTYPES_H 1
| #define HAVE_STDINT_H 1
| #define HAVE_STRINGS_H 1
| #define HAVE_SYS_STAT_H 1
| #define HAVE_SYS_TYPES_H 1
| #define HAVE_UNISTD_H 1
| #define HAVE_WCHAR_H 1
| #define STDC_HEADERS 1
| #define _ALL_SOURCE 1
| #define _DARWIN_C_SOURCE 1
| #define _GNU_SOURCE 1
| #define _HPUX_ALT_XOPEN_SOCKET_API 1
| #define _NETBSD_SOURCE 1
| #define _OPENBSD_SOURCE 1
| #define _POSIX_PTHREAD_SEMANTICS 1
| #define __STDC_WANT_IEC_60559_ATTRIBS_EXT__ 1
| #define __STDC_WANT_IEC_60559_BFP_EXT__ 1
| #define __STDC_WANT_IEC_60559_DFP_EXT__ 1
| #define __STDC_WANT_IEC_60559_FUNCS_EXT__ 1
| #define __STDC_WANT_IEC_60559_TYPES_EXT__ 1
| #define __STDC_WANT_LIB_EXT2__ 1
| #define __STDC_WANT_MATH_SPEC_FUNCS__ 1
| #define _TANDEM_SOURCE 1
| #define __EXTENSIONS__ 1
| #define HAVE_DLFCN_H 1
| #define LT_OBJDIR ".libs/"
| /* end confdefs.h.  */
| 
| /* Override any GCC internal prototype to avoid an error.
|    Use char because int might match the return type of a GCC
|    builtin and then its argument prototype would still apply.  */
| char yywrap ();
| int
| main (void)
| {
| return yywrap ();
|   ;
|   return 0;
| }
configure:14628: gcc -o conftest -O2   conftest.c -lfl   >&5
/usr/bin/ld: /usr/lib/gcc/x86_64-linux-gnu/11/../../../x86_64-linux-gnu/libfl.so: undefined reference to `yylex'
collect2: error: ld returned 1 exit status
configure:14628: $? = 1
configure: failed program was:
| /* confdefs.h */
| #define PACKAGE_NAME "GnuCOBOL"
| #define PACKAGE_TARNAME "gnucobol"
| #define PACKAGE_VERSION "3.3-dev"
| #define PACKAGE_STRING "GnuCOBOL 3.3-dev"
| #define PACKAGE_BUGREPORT "bug-gnucobol@gnu.org"
| #define PACKAGE_URL "https://www.gnu.org/software/gnucobol/"
| #define PACKAGE "gnucobol"
| #define PATCH_LEVEL 0
| #define MAX_CALL_FIELD_PARAMS 192
| #define HAVE_STDIO_H 1
| #define HAVE_STDLIB_H 1
| #define HAVE_STRING_H 1
| #define HAVE_INTTYPES_H 1
| #define HAVE_STDINT_H 1
| #define HAVE_STRINGS_H 1
| #define HAVE_SYS_STAT_H 1
| #define HAVE_SYS_TYPES_H 1
| #define HAVE_UNISTD_H 1
| #define HAVE_WCHAR_H 1
| #define STDC_HEADERS 1
| #define _ALL_SOURCE 1
| #define _DARWIN_C_SOURCE 1
| #define _GNU_SOURCE 1
| #define _HPUX_ALT_XOPEN_SOCKET_API 1
| #define _NETBSD_SOURCE 1
| #define _OPENBSD_SOURCE 1
| #define _POSIX_PTHREAD_SEMANTICS 1
| #define __STDC_WANT_IEC_60559_ATTRIBS_EXT__ 1
| #define __STDC_WANT_IEC_60559_BFP_EXT__ 1
| #define __STDC_WANT_IEC_60559_DFP_EXT__ 1
| #define __STDC_WANT_IEC_60559_FUNCS_EXT__ 1
| #define __STDC_WANT_IEC_60559_TYPES_EXT__ 1
| #define __STDC_WANT_LIB_EXT2__ 1
| #define __STDC_WANT_MATH_SPEC_FUNCS__ 1
| #define _TANDEM_SOURCE 1
| #define __EXTENSIONS__ 1
| #define HAVE_DLFCN_H 1
| #define LT_OBJDIR ".libs/"
| /* end confdefs.h.  */
| 
| /* Override any GCC internal prototype to avoid an error.
|    Use char because int might match the return type of a GCC
|    builtin and then its argument prototype would still apply.  */
| char yywrap ();
| int
| main (void)
| {
| return yywrap ();
|   ;
|   return 0;
| }
configure:14628: gcc -o conftest -O2   conftest.c -ll   >&5
configure:14628: $? = 0
configure:14648: result: -ll
configure:14664: checking whether yytext is a pointer
configure:14680: gcc -c -O2  conftest.c >&5
configure:14680: $? = 0
configure:14687: result: yes
configure:14706: checking if flex is the lexer generator
configure:14721: result: yes
configure:14732: checking for bison
configure:14753: found /usr/bin/bison
configure:14764: result: bison -y
configure:14780: checking if bison is the parser generator
configure:14795: result: yes
configure:14806: checking for diff arguments
configure:14821: result: --strip-trailing-cr
configure:14835: checking whether ln -s works
configure:14839: result: yes
configure:14848: checking whether make sets $(MAKE)
configure:14871: result: yes
configure:14906: checking for ld used by gcc
configure:14974: result: /usr/bin/ld -m elf_x86_64
configure:14981: checking if the linker (/usr/bin/ld -m elf_x86_64) is GNU ld
configure:14997: result: yes
configure:15005: checking for shared library run path origin
configure:15019: result: done
configure:15124: checking for sys/types.h
configure:15124: result: yes
configure:15124: checking for signal.h
configure:15124: gcc -c -O2  conftest.c >&5
configure:15124: $? = 0
configure:15124: result: yes
configure:15124: checking for stddef.h
configure:15124: gcc -c -O2  conftest.c >&5
configure:15124: $? = 0
configure:15124: result: yes
configure:15137: checking for sys/time.h
configure:15137: gcc -c -O2  conftest.c >&5
configure:15137: $? = 0
configure:15137: result: yes
configure:15143: checking for locale.h
configure:15143: gcc -c -O2  conftest.c >&5
configure:15143: $? = 0
configure:15143: result: yes
configure:15149: checking for fcntl.h
configure:15149: gcc -c -O2  conftest.c >&5
configure:15149: $? = 0
configure:15149: result: yes
configure:15155: checking for dlfcn.h
configure:15155: result: yes
configure:15161: checking for stdint.h
configure:15161: result: yes
configure:15167: checking for inttypes.h
configure:15167: result: yes
configure:15177: checking for an ANSI C-conforming const
configure:15244: gcc -c -O2  conftest.c >&5
configure:15244: $? = 0
configure:15252: result: yes
configure:15260: checking whether byte ordering is bigendian
configure:15276: gcc -c -O2  conftest.c >&5
conftest.c:52:16: error: unknown type name 'not'
   52 |                not a universal capable compiler
      |                ^~~
conftest.c:52:22: error: expected '=', ',', ';', 'asm' or '__attribute__' before 'universal'
   52 |                not a universal capable compiler
      |                      ^~~~~~~~~
conftest.c:52:22: error: unknown type name 'universal'
configure:15276: $? = 1
configure: failed program was:
| /* confdefs.h */
| #define PACKAGE_NAME "GnuCOBOL"
| #define PACKAGE_TARNAME "gnucobol"
| #define PACKAGE_VERSION "3.3-dev"
| #define PACKAGE_STRING "GnuCOBOL 3.3-dev"
| #define PACKAGE_BUGREPORT "bug-gnucobol@gnu.org"
| #define PACKAGE_URL "https://www.gnu.org/software/gnucobol/"
| #define PACKAGE "gnucobol"
| #define PATCH_LEVEL 0
| #define MAX_CALL_FIELD_PARAMS 192
| #define HAVE_STDIO_H 1
| #define HAVE_STDLIB_H 1
| #define HAVE_STRING_H 1
| #define HAVE_INTTYPES_H 1
| #define HAVE_STDINT_H 1
| #define HAVE_STRINGS_H 1
| #define HAVE_SYS_STAT_H 1
| #define HAVE_SYS_TYPES_H 1
| #define HAVE_UNISTD_H 1
| #define HAVE_WCHAR_H 1
| #define STDC_HEADERS 1
| #define _ALL_SOURCE 1
| #define _DARWIN_C_SOURCE 1
| #define _GNU_SOURCE 1
| #define _HPUX_ALT_XOPEN_SOCKET_API 1
| #define _NETBSD_SOURCE 1
| #define _OPENBSD_SOURCE 1
| #define _POSIX_PTHREAD_SEMANTICS 1
| #define __STDC_WANT_IEC_60559_ATTRIBS_EXT__ 1
| #define __STDC_WANT_IEC_60559_BFP_EXT__ 1
| #define __STDC_WANT_IEC_60559_DFP_EXT__ 1
| #define __STDC_WANT_IEC_60559_FUNCS_EXT__ 1
| #define __STDC_WANT_IEC_60559_TYPES_EXT__ 1
| #define __STDC_WANT_LIB_EXT2__ 1
| #define __STDC_WANT_MATH_SPEC_FUNCS__ 1
| #define _TANDEM_SOURCE 1
| #define __EXTENSIONS__ 1
| #define HAVE_DLFCN_H 1
| #define LT_OBJDIR ".libs/"
| #define YYTEXT_POINTER 1
| #define HAVE_SYS_TYPES_H 1
| #define HAVE_SIGNAL_H 1
| #define HAVE_STDDEF_H 1
| #define HAVE_SYS_TIME_H 1
| #define HAVE_LOCALE_H 1
| #define HAVE_FCNTL_H 1
| #define HAVE_DLFCN_H 1
| #define HAVE_STDINT_H 1
| #define HAVE_INTTYPES_H 1
| /* end confdefs.h.  */
| #ifndef __APPLE_CC__
| 	       not a universal capable compiler
| 	     #endif
| 	     typedef int dummy;
| 
configure:15322: gcc -c -O2  conftest.c >&5
configure:15322: $? = 0
configure:15341: gcc -c -O2  conftest.c >&5
conftest.c: In function 'main':
conftest.c:58:18: error: unknown type name 'not'; did you mean 'ino_t'?
   58 |                  not big endian
      |                  ^~~
      |                  ino_t
conftest.c:58:26: error: expected '=', ',', ';', 'asm' or '__attribute__' before 'endian'
   58 |                  not big endian
      |                          ^~~~~~
configure:15341: $? = 1
configure: failed program was:
| /* confdefs.h */
| #define PACKAGE_NAME "GnuCOBOL"
| #define PACKAGE_TARNAME "gnucobol"
| #define PACKAGE_VERSION "3.3-dev"
| #define PACKAGE_STRING "GnuCOBOL 3.3-dev"
| #define PACKAGE_BUGREPORT "bug-gnucobol@gnu.org"
| #define PACKAGE_URL "https://www.gnu.org/software/gnucobol/"
| #define PACKAGE "gnucobol"
| #define PATCH_LEVEL 0
| #define MAX_CALL_FIELD_PARAMS 192
| #define HAVE_STDIO_H 1
| #define HAVE_STDLIB_H 1
| #define HAVE_STRING_H 1
| #define HAVE_INTTYPES_H 1
| #define HAVE_STDINT_H 1
| #define HAVE_STRINGS_H 1
| #define HAVE_SYS_STAT_H 1
| #define HAVE_SYS_TYPES_H 1
| #define HAVE_UNISTD_H 1
| #define HAVE_WCHAR_H 1
| #define STDC_HEADERS 1
| #define _ALL_SOURCE 1
| #define _DARWIN_C_SOURCE 1
| #define _GNU_SOURCE 1
| #define _HPUX_ALT_XOPEN_SOCKET_API 1
| #define _NETBSD_SOURCE 1
| #define _OPENBSD_SOURCE 1
| #define _POSIX_PTHREAD_SEMANTICS 1
| #define __STDC_WANT_IEC_60559_ATTRIBS_EXT__ 1
| #define __STDC_WANT_IEC_60559_BFP_EXT__ 1
| #define __STDC_WANT_IEC_60559_DFP_EXT__ 1
| #define __STDC_WANT_IEC_60559_FUNCS_EXT__ 1
| #define __STDC_WANT_IEC_60559_TYPES_EXT__ 1
| #define __STDC_WANT_LIB_EXT2__ 1
| #define __STDC_WANT_MATH_SPEC_FUNCS__ 1
| #define _TANDEM_SOURCE 1
| #define __EXTENSIONS__ 1
| #define HAVE_DLFCN_H 1
| #define LT_OBJDIR ".libs/"
| #define YYTEXT_POINTER 1
| #define HAVE_SYS_TYPES_H 1
| #define HAVE_SIGNAL_H 1
| #define HAVE_STDDEF_H 1
| #define HAVE_SYS_TIME_H 1
| #define HAVE_LOCALE_H 1
| #define HAVE_FCNTL_H 1
| #define HAVE_DLFCN_H 1
| #define HAVE_STDINT_H 1
| #define HAVE_INTTYPES_H 1
| /* end confdefs.h.  */
| #include <sys/types.h>
| 		#include <sys/param.h>
| 
| int
| main (void)
| {
| #if BYTE_ORDER != BIG_ENDIAN
| 		 not big endian
| 		#endif
| 
|   ;
|   return 0;
| }
configure:15475: result: no
configure:15493: checking for size_t
configure:15493: gcc -c -O2  conftest.c >&5
configure:15493: $? = 0
configure:15493: gcc -c -O2  conftest.c >&5
conftest.c: In function 'main':
conftest.c:82:21: error: expected expression before ')' token
   82 | if (sizeof ((size_t)))
      |                     ^
configure:15493: $? = 1
configure: failed program was:
| /* confdefs.h */
| #define PACKAGE_NAME "GnuCOBOL"
| #define PACKAGE_TARNAME "gnucobol"
| #define PACKAGE_VERSION "3.3-dev"
| #define PACKAGE_STRING "GnuCOBOL 3.3-dev"
| #define PACKAGE_BUGREPORT "bug-gnucobol@gnu.org"
| #define PACKAGE_URL "https://www.gnu.org/software/gnucobol/"
| #define PACKAGE "gnucobol"
| #define PATCH_LEVEL 0
| #define MAX_CALL_FIELD_PARAMS 192
| #define HAVE_STDIO_H 1
| #define HAVE_STDLIB_H 1
| #define HAVE_STRING_H 1
| #define HAVE_INTTYPES_H 1
| #define HAVE_STDINT_H 1
| #define HAVE_STRINGS_H 1
| #define HAVE_SYS_STAT_H 1
| #define HAVE_SYS_TYPES_H 1
| #define HAVE_UNISTD_H 1
| #define HAVE_WCHAR_H 1
| #define STDC_HEADERS 1
| #define _ALL_SOURCE 1
| #define _DARWIN_C_SOURCE 1
| #define _GNU_SOURCE 1
| #define _HPUX_ALT_XOPEN_SOCKET_API 1
| #define _NETBSD_SOURCE 1
| #define _OPENBSD_SOURCE 1
| #define _POSIX_PTHREAD_SEMANTICS 1
| #define __STDC_WANT_IEC_60559_ATTRIBS_EXT__ 1
| #define __STDC_WANT_IEC_60559_BFP_EXT__ 1
| #define __STDC_WANT_IEC_60559_DFP_EXT__ 1
| #define __STDC_WANT_IEC_60559_FUNCS_EXT__ 1
| #define __STDC_WANT_IEC_60559_TYPES_EXT__ 1
| #define __STDC_WANT_LIB_EXT2__ 1
| #define __STDC_WANT_MATH_SPEC_FUNCS__ 1
| #define _TANDEM_SOURCE 1
| #define __EXTENSIONS__ 1
| #define HAVE_DLFCN_H 1
| #define LT_OBJDIR ".libs/"
| #define YYTEXT_POINTER 1
| #define HAVE_SYS_TYPES_H 1
| #define HAVE_SIGNAL_H 1
| #define HAVE_STDDEF_H 1
| #define HAVE_SYS_TIME_H 1
| #define HAVE_LOCALE_H 1
| #define HAVE_FCNTL_H 1
| #define HAVE_DLFCN_H 1
| #define HAVE_STDINT_H 1
| #define HAVE_INTTYPES_H 1
| /* end confdefs.h.  */
| #include <stddef.h>
| #ifdef HAVE_STDIO_H
| # include <stdio.h>
| #endif
| #ifdef HAVE_STDLIB_H
| # include <stdlib.h>
| #endif
| #ifdef HAVE_STRING_H
| # include <string.h>
| #endif
| #ifdef HAVE_INTTYPES_H
| # include <inttypes.h>
| #endif
| #ifdef HAVE_STDINT_H
| # include <stdint.h>
| #endif
| #ifdef HAVE_STRINGS_H
| # include <strings.h>
| #endif
| #ifdef HAVE_SYS_TYPES_H
| # include <sys/types.h>
| #endif
| #ifdef HAVE_SYS_STAT_H
| # include <sys/stat.h>
| #endif
| #ifdef HAVE_UNISTD_H
| # include <unistd.h>
| #endif
| int
| main (void)
| {
| if (sizeof ((size_t)))
| 	    return 0;
|   ;
|   return 0;
| }
configure:15493: result: yes
configure:15503: checking whether struct tm is in sys/time.h or time.h
configure:15524: gcc -c -O2  conftest.c >&5
configure:15524: $? = 0
configure:15532: result: time.h
configure:15540: checking for sig_atomic_t
configure:15540: gcc -c -O2  conftest.c >&5
configure:15540: $? = 0
configure:15540: gcc -c -O2  conftest.c >&5
conftest.c: In function 'main':
conftest.c:56:27: error: expected expression before ')' token
   56 | if (sizeof ((sig_atomic_t)))
      |                           ^
configure:15540: $? = 1
configure: failed program was:
| /* confdefs.h */
| #define PACKAGE_NAME "GnuCOBOL"
| #define PACKAGE_TARNAME "gnucobol"
| #define PACKAGE_VERSION "3.3-dev"
| #define PACKAGE_STRING "GnuCOBOL 3.3-dev"
| #define PACKAGE_BUGREPORT "bug-gnucobol@gnu.org"
| #define PACKAGE_URL "https://www.gnu.org/software/gnucobol/"
| #define PACKAGE "gnucobol"
| #define PATCH_LEVEL 0
| #define MAX_CALL_FIELD_PARAMS 192
| #define HAVE_STDIO_H 1
| #define HAVE_STDLIB_H 1
| #define HAVE_STRING_H 1
| #define HAVE_INTTYPES_H 1
| #define HAVE_STDINT_H 1
| #define HAVE_STRINGS_H 1
| #define HAVE_SYS_STAT_H 1
| #define HAVE_SYS_TYPES_H 1
| #define HAVE_UNISTD_H 1
| #define HAVE_WCHAR_H 1
| #define STDC_HEADERS 1
| #define _ALL_SOURCE 1
| #define _DARWIN_C_SOURCE 1
| #define _GNU_SOURCE 1
| #define _HPUX_ALT_XOPEN_SOCKET_API 1
| #define _NETBSD_SOURCE 1
| #define _OPENBSD_SOURCE 1
| #define _POSIX_PTHREAD_SEMANTICS 1
| #define __STDC_WANT_IEC_60559_ATTRIBS_EXT__ 1
| #define __STDC_WANT_IEC_60559_BFP_EXT__ 1
| #define __STDC_WANT_IEC_60559_DFP_EXT__ 1
| #define __STDC_WANT_IEC_60559_FUNCS_EXT__ 1
| #define __STDC_WANT_IEC_60559_TYPES_EXT__ 1
| #define __STDC_WANT_LIB_EXT2__ 1
| #define __STDC_WANT_MATH_SPEC_FUNCS__ 1
| #define _TANDEM_SOURCE 1
| #define __EXTENSIONS__ 1
| #define HAVE_DLFCN_H 1
| #define LT_OBJDIR ".libs/"
| #define YYTEXT_POINTER 1
| #define HAVE_SYS_TYPES_H 1
| #define HAVE_SIGNAL_H 1
| #define HAVE_STDDEF_H 1
| #define HAVE_SYS_TIME_H 1
| #define HAVE_LOCALE_H 1
| #define HAVE_FCNTL_H 1
| #define HAVE_DLFCN_H 1
| #define HAVE_STDINT_H 1
| #define HAVE_INTTYPES_H 1
| /* end confdefs.h.  */
| #include <signal.h>
| 
| int
| main (void)
| {
| if (sizeof ((sig_atomic_t)))
| 	    return 0;
|   ;
|   return 0;
| }
configure:15540: result: yes
configure:15552: checking for inline keyword
configure:15581: gcc -c -O2  conftest.c >&5
configure:15581: $? = 0
configure:15589: result: __inline
configure:15600: checking for vprintf
configure:15600: gcc -o conftest -O2   conftest.c  >&5
conftest.c:69:6: warning: conflicting types for built-in function 'vprintf'; expected 'int(const char *, __va_list_tag *)' [-Wbuiltin-declaration-mismatch]
   69 | char vprintf ();
      |      ^~~~~~~
conftest.c:61:1: note: 'vprintf' is declared in header '<stdio.h>'
   60 | #include <limits.h>
   61 | #undef vprintf
configure:15600: $? = 0
configure:15600: result: yes
configure:15621: checking for memmove
configure:15621: gcc -o conftest -O2   conftest.c  >&5
conftest.c:70:6: warning: conflicting types for built-in function 'memmove'; expected 'void *(void *, const void *, long unsigned int)' [-Wbuiltin-declaration-mismatch]
   70 | char memmove ();
      |      ^~~~~~~
conftest.c:62:1: note: 'memmove' is declared in header '<string.h>'
   61 | #include <limits.h>
   62 | #undef memmove
configure:15621: $? = 0
configure:15621: result: yes
configure:15627: checking for memset
configure:15627: gcc -o conftest -O2   conftest.c  >&5
conftest.c:71:6: warning: conflicting types for built-in function 'memset'; expected 'void *(void *, int,  long unsigned int)' [-Wbuiltin-declaration-mismatch]
   71 | char memset ();
      |      ^~~~~~
conftest.c:63:1: note: 'memset' is declared in header '<string.h>'
   62 | #include <limits.h>
   63 | #undef memset
configure:15627: $? = 0
configure:15627: result: yes
configure:15633: checking for setlocale
configure:15633: gcc -o conftest -O2   conftest.c  >&5
configure:15633: $? = 0
configure:15633: result: yes
configure:15639: checking for fcntl
configure:15639: gcc -o conftest -O2   conftest.c  >&5
configure:15639: $? = 0
configure:15639: result: yes
configure:15645: checking for strerror
configure:15645: gcc -o conftest -O2   conftest.c  >&5
configure:15645: $? = 0
configure:15645: result: yes
configure:15651: checking for strcasecmp
configure:15651: gcc -o conftest -O2   conftest.c  >&5
conftest.c:75:6: warning: conflicting types for built-in function 'strcasecmp'; expected 'int(const char *, const char *)' [-Wbuiltin-declaration-mismatch]
   75 | char strcasecmp ();
      |      ^~~~~~~~~~
configure:15651: $? = 0
configure:15651: result: yes
configure:15657: checking for strchr
configure:15657: gcc -o conftest -O2   conftest.c  >&5
conftest.c:76:6: warning: conflicting types for built-in function 'strchr'; expected 'char *(const char *, int)' [-Wbuiltin-declaration-mismatch]
   76 | char strchr ();
      |      ^~~~~~
conftest.c:68:1: note: 'strchr' is declared in header '<string.h>'
   67 | #include <limits.h>
   68 | #undef strchr
configure:15657: $? = 0
configure:15657: result: yes
configure:15663: checking for strrchr
configure:15663: gcc -o conftest -O2   conftest.c  >&5
conftest.c:77:6: warning: conflicting types for built-in function 'strrchr'; expected 'char *(const char *, int)' [-Wbuiltin-declaration-mismatch]
   77 | char strrchr ();
      |      ^~~~~~~
conftest.c:69:1: note: 'strrchr' is declared in header '<string.h>'
   68 | #include <limits.h>
   69 | #undef strrchr
configure:15663: $? = 0
configure:15663: result: yes
configure:15669: checking for strdup
configure:15669: gcc -o conftest -O2   conftest.c  >&5
conftest.c:78:6: warning: conflicting types for built-in function 'strdup'; expected 'char *(const char *)' [-Wbuiltin-declaration-mismatch]
   78 | char strdup ();
      |      ^~~~~~
configure:15669: $? = 0
configure:15669: result: yes
configure:15675: checking for strstr
configure:15675: gcc -o conftest -O2   conftest.c  >&5
conftest.c:79:6: warning: conflicting types for built-in function 'strstr'; expected 'char *(const char *, const char *)' [-Wbuiltin-declaration-mismatch]
   79 | char strstr ();
      |      ^~~~~~
conftest.c:71:1: note: 'strstr' is declared in header '<string.h>'
   70 | #include <limits.h>
   71 | #undef strstr
configure:15675: $? = 0
configure:15675: result: yes
configure:15681: checking for strtol
configure:15681: gcc -o conftest -O2   conftest.c  >&5
configure:15681: $? = 0
configure:15681: result: yes
configure:15687: checking for gettimeofday
configure:15687: gcc -o conftest -O2   conftest.c  >&5
configure:15687: $? = 0
configure:15687: result: yes
configure:15693: checking for localeconv
configure:15693: gcc -o conftest -O2   conftest.c  >&5
configure:15693: $? = 0
configure:15693: result: yes
configure:15699: checking for getexecname
configure:15699: gcc -o conftest -O2   conftest.c  >&5
/usr/bin/ld: /tmp/cc3DcfQS.o: in function `main':
conftest.c:(.text.startup+0xb): undefined reference to `getexecname'
collect2: error: ld returned 1 exit status
configure:15699: $? = 1
configure: failed program was:
| /* confdefs.h */
| #define PACKAGE_NAME "GnuCOBOL"
| #define PACKAGE_TARNAME "gnucobol"
| #define PACKAGE_VERSION "3.3-dev"
| #define PACKAGE_STRING "GnuCOBOL 3.3-dev"
| #define PACKAGE_BUGREPORT "bug-gnucobol@gnu.org"
| #define PACKAGE_URL "https://www.gnu.org/software/gnucobol/"
| #define PACKAGE "gnucobol"
| #define PATCH_LEVEL 0
| #define MAX_CALL_FIELD_PARAMS 192
| #define HAVE_STDIO_H 1
| #define HAVE_STDLIB_H 1
| #define HAVE_STRING_H 1
| #define HAVE_INTTYPES_H 1
| #define HAVE_STDINT_H 1
| #define HAVE_STRINGS_H 1
| #define HAVE_SYS_STAT_H 1
| #define HAVE_SYS_TYPES_H 1
| #define HAVE_UNISTD_H 1
| #define HAVE_WCHAR_H 1
| #define STDC_HEADERS 1
| #define _ALL_SOURCE 1
| #define _DARWIN_C_SOURCE 1
| #define _GNU_SOURCE 1
| #define _HPUX_ALT_XOPEN_SOCKET_API 1
| #define _NETBSD_SOURCE 1
| #define _OPENBSD_SOURCE 1
| #define _POSIX_PTHREAD_SEMANTICS 1
| #define __STDC_WANT_IEC_60559_ATTRIBS_EXT__ 1
| #define __STDC_WANT_IEC_60559_BFP_EXT__ 1
| #define __STDC_WANT_IEC_60559_DFP_EXT__ 1
| #define __STDC_WANT_IEC_60559_FUNCS_EXT__ 1
| #define __STDC_WANT_IEC_60559_TYPES_EXT__ 1
| #define __STDC_WANT_LIB_EXT2__ 1
| #define __STDC_WANT_MATH_SPEC_FUNCS__ 1
| #define _TANDEM_SOURCE 1
| #define __EXTENSIONS__ 1
| #define HAVE_DLFCN_H 1
| #define LT_OBJDIR ".libs/"
| #define YYTEXT_POINTER 1
| #define HAVE_SYS_TYPES_H 1
| #define HAVE_SIGNAL_H 1
| #define HAVE_STDDEF_H 1
| #define HAVE_SYS_TIME_H 1
| #define HAVE_LOCALE_H 1
| #define HAVE_FCNTL_H 1
| #define HAVE_DLFCN_H 1
| #define HAVE_STDINT_H 1
| #define HAVE_INTTYPES_H 1
| #define HAVE_SIG_ATOMIC_T 1
| #define COB_KEYWORD_INLINE __inline
| #define HAVE_VPRINTF 1
| #define HAVE_MEMMOVE 1
| #define HAVE_MEMSET 1
| #define HAVE_SETLOCALE 1
| #define HAVE_FCNTL 1
| #define HAVE_STRERROR 1
| #define HAVE_STRCASECMP 1
| #define HAVE_STRCHR 1
| #define HAVE_STRRCHR 1
| #define HAVE_STRDUP 1
| #define HAVE_STRSTR 1
| #define HAVE_STRTOL 1
| #define HAVE_GETTIMEOFDAY 1
| #define HAVE_LOCALECONV 1
| /* end confdefs.h.  */
| /* Define getexecname to an innocuous variant, in case <limits.h> declares getexecname.
|    For example, HP-UX 11i <limits.h> declares gettimeofday.  */
| #define getexecname innocuous_getexecname
| 
| /* System header to define __stub macros and hopefully few prototypes,
|    which can conflict with char getexecname (); below.  */
| 
| #include <limits.h>
| #undef getexecname
| 
| /* Override any GCC internal prototype to avoid an error.
|    Use char because int might match the return type of a GCC
|    builtin and then its argument prototype would still apply.  */
| #ifdef __cplusplus
| extern "C"
| #endif
| char getexecname ();
| /* The GNU C library defines this for functions which it implements
|     to always fail with ENOSYS.  Some functions are actually named
|     something starting with __ and the normal name is an alias.  */
| #if defined __stub_getexecname || defined __stub___getexecname
| choke me
| #endif
| 
| int
| main (void)
| {
| return getexecname ();
|   ;
|   return 0;
| }
configure:15699: result: no
configure:15705: checking for canonicalize_file_name
configure:15705: gcc -o conftest -O2   conftest.c  >&5
configure:15705: $? = 0
configure:15705: result: yes
configure:15711: checking for popen
configure:15711: gcc -o conftest -O2   conftest.c  >&5
configure:15711: $? = 0
configure:15711: result: yes
configure:15717: checking for raise
configure:15717: gcc -o conftest -O2   conftest.c  >&5
configure:15717: $? = 0
configure:15717: result: yes
configure:15723: checking for readlink
configure:15723: gcc -o conftest -O2   conftest.c  >&5
configure:15723: $? = 0
configure:15723: result: yes
configure:15729: checking for realpath
configure:15729: gcc -o conftest -O2   conftest.c  >&5
configure:15729: $? = 0
configure:15729: result: yes
configure:15735: checking for setenv
configure:15735: gcc -o conftest -O2   conftest.c  >&5
configure:15735: $? = 0
configure:15735: result: yes
configure:15741: checking for strcoll
configure:15741: gcc -o conftest -O2   conftest.c  >&5
configure:15741: $? = 0
configure:15741: result: yes
configure:15747: checking for flockfile
configure:15747: gcc -o conftest -O2   conftest.c  >&5
configure:15747: $? = 0
configure:15747: result: yes
configure:15835: checking for timezone variable access
configure:15853: gcc -c -O2  conftest.c >&5
configure:15853: $? = 0
configure:15863: result: yes
configure:15871: checking for designated initializers
configure:15892: gcc -c -O2  conftest.c >&5
configure:15892: $? = 0
configure:15902: result: yes
configure:16021: Checks for math library ...
configure:16026: none needed
configure:16063: checking whether to build with code coverage support
configure:16084: result: no
configure:16486: checking for pkg-config
configure:16509: found /usr/bin/pkg-config
configure:16521: result: /usr/bin/pkg-config
configure:16546: checking pkg-config is at least version 0.9.0
configure:16549: result: yes
configure:16560: Checks for GMP/MPIR ...
configure:16597: checking for gmp
configure:16604: $PKG_CONFIG --exists --print-errors "gmp"
configure:16607: $? = 0
configure:16621: $PKG_CONFIG --exists --print-errors "gmp"
configure:16624: $? = 0
configure:16810: result: yes
configure:16822: checking for gmp.h
configure:16822: gcc -c -O2   -Wall -Werror conftest.c >&5
configure:16822: $? = 0
configure:16822: result: yes
configure:16827: checking whether linking against libgmp with "-lgmp" works
configure:16840: gcc -o conftest -O2   -Wall -Werror  conftest.c   -lgmp >&5
configure:16840: $? = 0
configure:16842: result: yes
configure:17019: checking matching GMP version
configure:17052: gcc -o conftest -O2   -Wall -Werror -Wall -Werror  conftest.c   -lgmp >&5
configure:17052: $? = 0
configure:17052: ./conftest
configure:17052: $? = 0
configure:17091: gcc -o conftest -O2   -Wall -Werror -Wall -Werror  conftest.c   -lgmp >&5
configure:17091: $? = 0
configure:17091: ./conftest
configure:17091: $? = 0
configure:17109: result: yes (6.2)
configure:17121: checking for __gmp_get_memory_functions in -lgmp
configure:17144: gcc -o conftest -O2   -Wall -Werror -Wall -Werror  conftest.c -lgmp    -lgmp >&5
configure:17144: $? = 0
configure:17155: result: yes
configure:17184: checking for libxml-2.0
configure:17191: $PKG_CONFIG --exists --print-errors "libxml-2.0"
configure:17194: $? = 0
configure:17208: $PKG_CONFIG --exists --print-errors "libxml-2.0"
configure:17211: $? = 0
configure:17359: result: yes
configure:17373: checking for libxml/xmlwriter.h
configure:17373: gcc -c -O2  -I/usr/include/libxml2 conftest.c >&5
configure:17373: $? = 0
configure:17373: result: yes
configure:17373: checking for libxml/xmlversion.h
configure:17373: gcc -c -O2  -I/usr/include/libxml2 conftest.c >&5
configure:17373: $? = 0
configure:17373: result: yes
configure:17373: checking for libxml/uri.h
configure:17373: gcc -c -O2  -I/usr/include/libxml2 conftest.c >&5
configure:17373: $? = 0
configure:17373: result: yes
configure:17373: checking for libxml/parser.h
configure:17373: gcc -c -O2  -I/usr/include/libxml2 conftest.c >&5
configure:17373: $? = 0
configure:17373: result: yes
configure:17373: checking for libxml/tree.h
configure:17373: gcc -c -O2  -I/usr/include/libxml2 conftest.c >&5
configure:17373: $? = 0
configure:17373: result: yes
configure:17392: checking for LIBXML_WRITER_ENABLED defined in libxml/xmlwriter.h
configure:17416: gcc -c -O2  -I/usr/include/libxml2 conftest.c >&5
configure:17416: $? = 0
configure:17424: result: yes
configure:17441: checking whether linking against libxml2 with "-lxml2" works
configure:17454: gcc -o conftest -O2  -I/usr/include/libxml2  conftest.c   -lgmp -lxml2 >&5
configure:17454: $? = 0
configure:17457: result: yes
configure:17489: Checks for JSON handler
configure:18012: gcc -o conftest -O2   conftest.c   -lgmp -lxml2 >&5
configure:18012: $? = 0
configure:18118: checking for clock_gettime and CLOCK_REALTIME
configure:18131: gcc -o conftest -O2   conftest.c   -lgmp -lxml2 >&5
configure:18131: $? = 0
configure:18134: result: yes
configure:18143: checking for isfinite
configure:18156: gcc -o conftest -O2   conftest.c   -lgmp -lxml2 >&5
configure:18156: $? = 0
configure:18159: result: yes
configure:18381: checking for fdatasync
configure:18381: gcc -o conftest -O2   conftest.c   -lgmp -lxml2 >&5
configure:18381: $? = 0
configure:18381: result: yes
configure:18387: checking for sigaction
configure:18387: gcc -o conftest -O2   conftest.c   -lgmp -lxml2 >&5
configure:18387: $? = 0
configure:18387: result: yes
configure:18393: checking for fmemopen
configure:18393: gcc -o conftest -O2   conftest.c   -lgmp -lxml2 >&5
configure:18393: $? = 0
configure:18393: result: yes
configure:18400: checking for gcc options needed to detect all undeclared functions
configure:18422: gcc -c -O2   conftest.c >&5
conftest.c: In function 'main':
conftest.c:92:8: error: 'strchr' undeclared (first use in this function)
   92 | (void) strchr;
      |        ^~~~~~
conftest.c:1:1: note: 'strchr' is defined in header '<string.h>'; did you forget to '#include <string.h>'?
    1 | /* confdefs.h */
conftest.c:92:8: note: each undeclared identifier is reported only once for each function it appears in
   92 | (void) strchr;
      |        ^~~~~~
configure:18422: $? = 1
configure: failed program was:
| /* confdefs.h */
| #define PACKAGE_NAME "GnuCOBOL"
| #define PACKAGE_TARNAME "gnucobol"
| #define PACKAGE_VERSION "3.3-dev"
| #define PACKAGE_STRING "GnuCOBOL 3.3-dev"
| #define PACKAGE_BUGREPORT "bug-gnucobol@gnu.org"
| #define PACKAGE_URL "https://www.gnu.org/software/gnucobol/"
| #define PACKAGE "gnucobol"
| #define PATCH_LEVEL 0
| #define MAX_CALL_FIELD_PARAMS 192
| #define HAVE_STDIO_H 1
| #define HAVE_STDLIB_H 1
| #define HAVE_STRING_H 1
| #define HAVE_INTTYPES_H 1
| #define HAVE_STDINT_H 1
| #define HAVE_STRINGS_H 1
| #define HAVE_SYS_STAT_H 1
| #define HAVE_SYS_TYPES_H 1
| #define HAVE_UNISTD_H 1
| #define HAVE_WCHAR_H 1
| #define STDC_HEADERS 1
| #define _ALL_SOURCE 1
| #define _DARWIN_C_SOURCE 1
| #define _GNU_SOURCE 1
| #define _HPUX_ALT_XOPEN_SOCKET_API 1
| #define _NETBSD_SOURCE 1
| #define _OPENBSD_SOURCE 1
| #define _POSIX_PTHREAD_SEMANTICS 1
| #define __STDC_WANT_IEC_60559_ATTRIBS_EXT__ 1
| #define __STDC_WANT_IEC_60559_BFP_EXT__ 1
| #define __STDC_WANT_IEC_60559_DFP_EXT__ 1
| #define __STDC_WANT_IEC_60559_FUNCS_EXT__ 1
| #define __STDC_WANT_IEC_60559_TYPES_EXT__ 1
| #define __STDC_WANT_LIB_EXT2__ 1
| #define __STDC_WANT_MATH_SPEC_FUNCS__ 1
| #define _TANDEM_SOURCE 1
| #define __EXTENSIONS__ 1
| #define HAVE_DLFCN_H 1
| #define LT_OBJDIR ".libs/"
| #define YYTEXT_POINTER 1
| #define HAVE_SYS_TYPES_H 1
| #define HAVE_SIGNAL_H 1
| #define HAVE_STDDEF_H 1
| #define HAVE_SYS_TIME_H 1
| #define HAVE_LOCALE_H 1
| #define HAVE_FCNTL_H 1
| #define HAVE_DLFCN_H 1
| #define HAVE_STDINT_H 1
| #define HAVE_INTTYPES_H 1
| #define HAVE_SIG_ATOMIC_T 1
| #define COB_KEYWORD_INLINE __inline
| #define HAVE_VPRINTF 1
| #define HAVE_MEMMOVE 1
| #define HAVE_MEMSET 1
| #define HAVE_SETLOCALE 1
| #define HAVE_FCNTL 1
| #define HAVE_STRERROR 1
| #define HAVE_STRCASECMP 1
| #define HAVE_STRCHR 1
| #define HAVE_STRRCHR 1
| #define HAVE_STRDUP 1
| #define HAVE_STRSTR 1
| #define HAVE_STRTOL 1
| #define HAVE_GETTIMEOFDAY 1
| #define HAVE_LOCALECONV 1
| #define HAVE_CANONICALIZE_FILE_NAME 1
| #define HAVE_POPEN 1
| #define HAVE_RAISE 1
| #define HAVE_READLINK 1
| #define HAVE_REALPATH 1
| #define HAVE_SETENV 1
| #define HAVE_STRCOLL 1
| #define HAVE_FLOCKFILE 1
| #define HAVE_TIMEZONE 1
| #define HAVE_DESIGNATED_INITS 1
| #define HAVE_GMP_H 1
| #define HAVE_MP_GET_MEMORY_FUNCTIONS 1
| #define WITH_XML2 1
| #define WITH_JSON "disabled"
| #define WITH_VARSEQ 0
| #define HAVE_NANO_SLEEP 1
| #define HAVE_CLOCK_GETTIME 1
| #define HAVE_ISFINITE 1
| #define HAVE_FDATASYNC 1
| #define HAVE_SIGACTION 1
| #define HAVE_FMEMOPEN 1
| /* end confdefs.h.  */
| 
| int
| main (void)
| {
| (void) strchr;
|   ;
|   return 0;
| }
configure:18449: gcc -c -O2   conftest.c >&5
configure:18449: $? = 0
configure:18466: result: none needed
configure:18480: checking whether fdatasync is declared
configure:18480: gcc -c -O2   conftest.c >&5
configure:18480: $? = 0
configure:18480: result: yes
configure:18489: checking whether fmemopen is declared
configure:18489: gcc -c -O2   conftest.c >&5
configure:18489: $? = 0
configure:18489: result: yes
configure:18511: Checks for curses ...
configure:18580: checking for initscr in -lncursesw
configure:18603: gcc -o conftest -O2   conftest.c -lncursesw    -lgmp -lxml2 >&5
configure:18603: $? = 0
configure:18613: result: yes
configure:18631: checking for ncursesw/ncurses.h
configure:18631: gcc -c -O2  conftest.c >&5
configure:18631: $? = 0
configure:18631: result: yes
configure:18980: checking for ncurses _nc_freeall function
configure:18994: gcc -o conftest -O2   conftest.c   -lgmp -lxml2 -lncursesw >&5
configure:18994: $? = 0
configure:18997: result: yes
configure:19005: checking for ncurses use_legacy_coding function
configure:19019: gcc -o conftest -O2   conftest.c   -lgmp -lxml2 -lncursesw >&5
configure:19019: $? = 0
configure:19022: result: yes
configure:19033: checking for curses color_set function
configure:19061: gcc -o conftest -O2   conftest.c   -lgmp -lxml2 -lncursesw >&5
configure:19061: $? = 0
configure:19064: result: yes
configure:19073: checking for curses resize_term function
configure:19101: gcc -o conftest -O2   conftest.c   -lgmp -lxml2 -lncursesw >&5
configure:19101: $? = 0
configure:19104: result: yes
configure:19113: checking for curses define_key function
configure:19141: gcc -o conftest -O2   conftest.c   -lgmp -lxml2 -lncursesw >&5
configure:19141: $? = 0
configure:19144: result: yes
configure:19153: checking for curses mouseinterval function
configure:19181: gcc -o conftest -O2   conftest.c   -lgmp -lxml2 -lncursesw >&5
configure:19181: $? = 0
configure:19184: result: yes
configure:19193: checking for curses has_mouse function
configure:19221: gcc -o conftest -O2   conftest.c   -lgmp -lxml2 -lncursesw >&5
configure:19221: $? = 0
configure:19224: result: yes
configure:19233: checking for curses mousemask function and mmask_t
configure:19262: gcc -o conftest -O2   conftest.c   -lgmp -lxml2 -lncursesw >&5
configure:19262: $? = 0
configure:19265: result: yes
configure:19793: checking for _WIN32
configure:19802: gcc -c -O2  conftest.c >&5
conftest.c:102:11: error: #error macro not defined
  102 |         # error macro not defined
      |           ^~~~~
configure:19802: $? = 1
configure: failed program was:
| /* confdefs.h */
| #define PACKAGE_NAME "GnuCOBOL"
| #define PACKAGE_TARNAME "gnucobol"
| #define PACKAGE_VERSION "3.3-dev"
| #define PACKAGE_STRING "GnuCOBOL 3.3-dev"
| #define PACKAGE_BUGREPORT "bug-gnucobol@gnu.org"
| #define PACKAGE_URL "https://www.gnu.org/software/gnucobol/"
| #define PACKAGE "gnucobol"
| #define PATCH_LEVEL 0
| #define MAX_CALL_FIELD_PARAMS 192
| #define HAVE_STDIO_H 1
| #define HAVE_STDLIB_H 1
| #define HAVE_STRING_H 1
| #define HAVE_INTTYPES_H 1
| #define HAVE_STDINT_H 1
| #define HAVE_STRINGS_H 1
| #define HAVE_SYS_STAT_H 1
| #define HAVE_SYS_TYPES_H 1
| #define HAVE_UNISTD_H 1
| #define HAVE_WCHAR_H 1
| #define STDC_HEADERS 1
| #define _ALL_SOURCE 1
| #define _DARWIN_C_SOURCE 1
| #define _GNU_SOURCE 1
| #define _HPUX_ALT_XOPEN_SOCKET_API 1
| #define _NETBSD_SOURCE 1
| #define _OPENBSD_SOURCE 1
| #define _POSIX_PTHREAD_SEMANTICS 1
| #define __STDC_WANT_IEC_60559_ATTRIBS_EXT__ 1
| #define __STDC_WANT_IEC_60559_BFP_EXT__ 1
| #define __STDC_WANT_IEC_60559_DFP_EXT__ 1
| #define __STDC_WANT_IEC_60559_FUNCS_EXT__ 1
| #define __STDC_WANT_IEC_60559_TYPES_EXT__ 1
| #define __STDC_WANT_LIB_EXT2__ 1
| #define __STDC_WANT_MATH_SPEC_FUNCS__ 1
| #define _TANDEM_SOURCE 1
| #define __EXTENSIONS__ 1
| #define HAVE_DLFCN_H 1
| #define LT_OBJDIR ".libs/"
| #define YYTEXT_POINTER 1
| #define HAVE_SYS_TYPES_H 1
| #define HAVE_SIGNAL_H 1
| #define HAVE_STDDEF_H 1
| #define HAVE_SYS_TIME_H 1
| #define HAVE_LOCALE_H 1
| #define HAVE_FCNTL_H 1
| #define HAVE_DLFCN_H 1
| #define HAVE_STDINT_H 1
| #define HAVE_INTTYPES_H 1
| #define HAVE_SIG_ATOMIC_T 1
| #define COB_KEYWORD_INLINE __inline
| #define HAVE_VPRINTF 1
| #define HAVE_MEMMOVE 1
| #define HAVE_MEMSET 1
| #define HAVE_SETLOCALE 1
| #define HAVE_FCNTL 1
| #define HAVE_STRERROR 1
| #define HAVE_STRCASECMP 1
| #define HAVE_STRCHR 1
| #define HAVE_STRRCHR 1
| #define HAVE_STRDUP 1
| #define HAVE_STRSTR 1
| #define HAVE_STRTOL 1
| #define HAVE_GETTIMEOFDAY 1
| #define HAVE_LOCALECONV 1
| #define HAVE_CANONICALIZE_FILE_NAME 1
| #define HAVE_POPEN 1
| #define HAVE_RAISE 1
| #define HAVE_READLINK 1
| #define HAVE_REALPATH 1
| #define HAVE_SETENV 1
| #define HAVE_STRCOLL 1
| #define HAVE_FLOCKFILE 1
| #define HAVE_TIMEZONE 1
| #define HAVE_DESIGNATED_INITS 1
| #define HAVE_GMP_H 1
| #define HAVE_MP_GET_MEMORY_FUNCTIONS 1
| #define WITH_XML2 1
| #define WITH_JSON "disabled"
| #define WITH_VARSEQ 0
| #define HAVE_NANO_SLEEP 1
| #define HAVE_CLOCK_GETTIME 1
| #define HAVE_ISFINITE 1
| #define HAVE_FDATASYNC 1
| #define HAVE_SIGACTION 1
| #define HAVE_FMEMOPEN 1
| #define HAVE_DECL_FDATASYNC 1
| #define HAVE_DECL_FMEMOPEN 1
| #define HAVE_NCURSESW_NCURSES_H 1
| #define WITH_CURSES "ncursesw"
| #define HAVE_CURSES_FREEALL 1
| #define HAVE_USE_LEGACY_CODING 1
| #define HAVE_COLOR_SET 1
| #define HAVE_RESIZE_TERM 1
| #define HAVE_DEFINE_KEY 1
| #define HAVE_MOUSEINTERVAL 1
| #define HAVE_HAS_MOUSE 1
| #define HAVE_MOUSEMASK 1
| /* end confdefs.h.  */
| 
| 	#ifndef _WIN32
| 	# error macro not defined
| 	#endif
configure:19808: result: no
configure:19815: checking for dlopen in -lc
configure:19838: gcc -o conftest -O2   conftest.c -lc    -lgmp -lxml2 -lncursesw >&5
configure:19838: $? = 0
configure:19848: result: yes
configure:20014: checking for support of computed gotos
configure:20031: gcc -c -O2 -Wall -Werror  conftest.c >&5
configure:20031: $? = 0
configure:20035: result: yes
configure:20044: Checks for different sizes ...
configure:20051: checking size of long int
configure:20057: gcc -o conftest -O2 -Wall -Werror   conftest.c   -lgmp -lxml2 -lncursesw >&5
configure:20057: $? = 0
configure:20057: ./conftest
configure:20057: $? = 0
configure:20072: result: 8
configure:20084: checking size of long long
configure:20090: gcc -o conftest -O2 -Wall -Werror   conftest.c   -lgmp -lxml2 -lncursesw >&5
configure:20090: $? = 0
configure:20090: ./conftest
configure:20090: $? = 0
configure:20105: result: 8
configure:20117: checking size of long
configure:20123: gcc -o conftest -O2 -Wall -Werror   conftest.c   -lgmp -lxml2 -lncursesw >&5
configure:20123: $? = 0
configure:20123: ./conftest
configure:20123: $? = 0
configure:20138: result: 8
configure:20150: checking size of void *
configure:20156: gcc -o conftest -O2 -Wall -Werror   conftest.c   -lgmp -lxml2 -lncursesw >&5
configure:20156: $? = 0
configure:20156: ./conftest
configure:20156: $? = 0
configure:20171: result: 8
configure:20180: checking whether size of long int = size of long long
configure:20185: result: yes
configure:20192: checking whether long is 32 bits
configure:20200: result: no
configure:20204: checking whether pointer is longer than 32 bits
configure:20211: result: yes
configure:20223: checking for aligned attribute
configure:20242: gcc -c -O2 -Wall -Werror  conftest.c >&5
configure:20242: $? = 0
configure:20249: result: yes
configure:20259: checking for pure attribute
configure:20279: gcc -c -O2 -Wall -Werror  conftest.c >&5
configure:20279: $? = 0
configure:20286: result: yes
configure:20296: checking for constructor attribute
configure:20316: gcc -c -O2 -Wall -Werror  conftest.c >&5
configure:20316: $? = 0
configure:20323: result: yes
configure:20336: checking whether NLS is requested
configure:20346: result: yes
configure:20386: checking for msgfmt
configure: trying /usr/bin/msgfmt...
0 translated messages.
configure:20419: result: /usr/bin/msgfmt
configure:20428: checking for gmsgfmt
configure:20464: result: /usr/bin/msgfmt
configure:20509: checking for xgettext
configure: trying /usr/bin/xgettext...
/usr/bin/xgettext: warning: file '/dev/null' extension '' is unknown; will try C
configure:20542: result: /usr/bin/xgettext
configure:20587: checking for msgmerge
configure: trying /usr/bin/msgmerge...
configure:20619: result: /usr/bin/msgmerge
configure:21215: checking for CFPreferencesCopyAppValue
configure:21244: result: no
configure:21251: checking for CFLocaleCopyPreferredLanguages
configure:21270: gcc -o conftest -O2   conftest.c   -lgmp -lxml2 -lncursesw -Wl,-framework -Wl,CoreFoundation >&5
conftest.c:111:10: fatal error: CoreFoundation/CFLocale.h: No such file or directory
  111 | #include <CoreFoundation/CFLocale.h>
      |          ^~~~~~~~~~~~~~~~~~~~~~~~~~~
compilation terminated.
configure:21270: $? = 1
configure: failed program was:
| /* confdefs.h */
| #define PACKAGE_NAME "GnuCOBOL"
| #define PACKAGE_TARNAME "gnucobol"
| #define PACKAGE_VERSION "3.3-dev"
| #define PACKAGE_STRING "GnuCOBOL 3.3-dev"
| #define PACKAGE_BUGREPORT "bug-gnucobol@gnu.org"
| #define PACKAGE_URL "https://www.gnu.org/software/gnucobol/"
| #define PACKAGE "gnucobol"
| #define PATCH_LEVEL 0
| #define MAX_CALL_FIELD_PARAMS 192
| #define HAVE_STDIO_H 1
| #define HAVE_STDLIB_H 1
| #define HAVE_STRING_H 1
| #define HAVE_INTTYPES_H 1
| #define HAVE_STDINT_H 1
| #define HAVE_STRINGS_H 1
| #define HAVE_SYS_STAT_H 1
| #define HAVE_SYS_TYPES_H 1
| #define HAVE_UNISTD_H 1
| #define HAVE_WCHAR_H 1
| #define STDC_HEADERS 1
| #define _ALL_SOURCE 1
| #define _DARWIN_C_SOURCE 1
| #define _GNU_SOURCE 1
| #define _HPUX_ALT_XOPEN_SOCKET_API 1
| #define _NETBSD_SOURCE 1
| #define _OPENBSD_SOURCE 1
| #define _POSIX_PTHREAD_SEMANTICS 1
| #define __STDC_WANT_IEC_60559_ATTRIBS_EXT__ 1
| #define __STDC_WANT_IEC_60559_BFP_EXT__ 1
| #define __STDC_WANT_IEC_60559_DFP_EXT__ 1
| #define __STDC_WANT_IEC_60559_FUNCS_EXT__ 1
| #define __STDC_WANT_IEC_60559_TYPES_EXT__ 1
| #define __STDC_WANT_LIB_EXT2__ 1
| #define __STDC_WANT_MATH_SPEC_FUNCS__ 1
| #define _TANDEM_SOURCE 1
| #define __EXTENSIONS__ 1
| #define HAVE_DLFCN_H 1
| #define LT_OBJDIR ".libs/"
| #define YYTEXT_POINTER 1
| #define HAVE_SYS_TYPES_H 1
| #define HAVE_SIGNAL_H 1
| #define HAVE_STDDEF_H 1
| #define HAVE_SYS_TIME_H 1
| #define HAVE_LOCALE_H 1
| #define HAVE_FCNTL_H 1
| #define HAVE_DLFCN_H 1
| #define HAVE_STDINT_H 1
| #define HAVE_INTTYPES_H 1
| #define HAVE_SIG_ATOMIC_T 1
| #define COB_KEYWORD_INLINE __inline
| #define HAVE_VPRINTF 1
| #define HAVE_MEMMOVE 1
| #define HAVE_MEMSET 1
| #define HAVE_SETLOCALE 1
| #define HAVE_FCNTL 1
| #define HAVE_STRERROR 1
| #define HAVE_STRCASECMP 1
| #define HAVE_STRCHR 1
| #define HAVE_STRRCHR 1
| #define HAVE_STRDUP 1
| #define HAVE_STRSTR 1
| #define HAVE_STRTOL 1
| #define HAVE_GETTIMEOFDAY 1
| #define HAVE_LOCALECONV 1
| #define HAVE_CANONICALIZE_FILE_NAME 1
| #define HAVE_POPEN 1
| #define HAVE_RAISE 1
| #define HAVE_READLINK 1
| #define HAVE_REALPATH 1
| #define HAVE_SETENV 1
| #define HAVE_STRCOLL 1
| #define HAVE_FLOCKFILE 1
| #define HAVE_TIMEZONE 1
| #define HAVE_DESIGNATED_INITS 1
| #define HAVE_GMP_H 1
| #define HAVE_MP_GET_MEMORY_FUNCTIONS 1
| #define WITH_XML2 1
| #define WITH_JSON "disabled"
| #define WITH_VARSEQ 0
| #define HAVE_NANO_SLEEP 1
| #define HAVE_CLOCK_GETTIME 1
| #define HAVE_ISFINITE 1
| #define HAVE_FDATASYNC 1
| #define HAVE_SIGACTION 1
| #define HAVE_FMEMOPEN 1
| #define HAVE_DECL_FDATASYNC 1
| #define HAVE_DECL_FMEMOPEN 1
| #define HAVE_NCURSESW_NCURSES_H 1
| #define WITH_CURSES "ncursesw"
| #define HAVE_CURSES_FREEALL 1
| #define HAVE_USE_LEGACY_CODING 1
| #define HAVE_COLOR_SET 1
| #define HAVE_RESIZE_TERM 1
| #define HAVE_DEFINE_KEY 1
| #define HAVE_MOUSEINTERVAL 1
| #define HAVE_HAS_MOUSE 1
| #define HAVE_MOUSEMASK 1
| #define USE_LIBDL 1
| #define COB_COMPUTED_GOTO 1
| #define SIZEOF_LONG_INT 8
| #define SIZEOF_LONG_LONG 8
| #define SIZEOF_LONG 8
| #define SIZEOF_VOID_P 8
| #define COB_LI_IS_LL 1
| #define COB_64_BIT_POINTER 1
| #define HAVE_ATTRIBUTE_ALIGNED 1
| #define HAVE_ATTRIBUTE_PURE 1
| #define HAVE_ATTRIBUTE_CONSTRUCTOR 1
| /* end confdefs.h.  */
| #include <CoreFoundation/CFLocale.h>
| int
| main (void)
| {
| CFLocaleCopyPreferredLanguages();
|   ;
|   return 0;
| }
configure:21280: result: no
configure:21330: checking for GNU gettext in libc
configure:21360: gcc -o conftest -O2   conftest.c   -lgmp -lxml2 -lncursesw >&5
configure:21360: $? = 0
configure:21370: result: yes
configure:22239: checking whether to use NLS
configure:22241: result: yes
configure:22244: checking where the gettext function comes from
configure:22255: result: libc
configure:22324: checking for nl_langinfo and CODESET
configure:22341: gcc -o conftest -O2   conftest.c   -lgmp -lxml2 -lncursesw >&5
configure:22341: $? = 0
configure:22351: result: yes
configure:22364: checking for perl
configure:22385: found /usr/bin/perl
configure:22396: result: perl
configure:22457: checking for debug option -ggdb3
configure:22470: gcc -o conftest -O2 -ggdb3 -Wall -Werror   conftest.c  >&5
configure:22470: $? = 0
configure:22472: result: yes
configure:22512: checking for debug option -fasynchronous-unwind-tables
configure:22525: gcc -o conftest -O2 -fasynchronous-unwind-tables -Wall -Werror   conftest.c  >&5
configure:22525: $? = 0
configure:22527: result: yes
configure:22691: checking for -pipe option
configure:22710: gcc -o conftest -O2 -pipe -Wall -Werror   conftest.c  >&5
configure:22710: $? = 0
configure:22720: result: yes
configure:22781: checking for gcc pointer sign option
configure:22794: gcc -c -O2 -pipe -Wpointer-sign -Wall -Werror  conftest.c >&5
configure:22794: $? = 0
configure:22796: result: yes
configure:22992: checking for ld bind now option
configure:23005: gcc -o conftest -O2 -pipe   -Wl,-z,relro,-z,now,-O1 conftest.c  >&5
configure:23005: $? = 0
configure:23007: result: yes
configure:23389: checking that generated files are newer than configure
configure:23395: result: done
configure:23439: creating ./config.status

## ---------------------- ##
## Running config.status. ##
## ---------------------- ##

This file was extended by GnuCOBOL config.status 3.3-dev, which was
generated by GNU Autoconf 2.71.  Invocation command line was

  CONFIG_FILES    = 
  CONFIG_HEADERS  = 
  CONFIG_LINKS    = 
  CONFIG_COMMANDS = 
  $ ./config.status 

on a7medmaher-G5-5590

config.status:1357: creating Makefile
config.status:1357: creating libcob/Makefile
config.status:1357: creating lib/Makefile
config.status:1357: creating cobc/Makefile
config.status:1357: creating bin/Makefile
config.status:1357: creating po/Makefile.in
config.status:1357: creating doc/Makefile
config.status:1357: creating config/Makefile
config.status:1357: creating copy/Makefile
config.status:1357: creating tests/Makefile
config.status:1357: creating tests/cobol85/Makefile
config.status:1357: creating extras/Makefile
config.status:1357: creating bin/cob-config
config.status:1357: creating pre-inst-env
config.status:1357: creating tests/atlocal
config.status:1357: creating tests/run_prog_manual.sh
config.status:1357: creating config.h
config.status:1571: executing tests/atconfig commands
config.status:1571: executing depfiles commands
config.status:1677: cd libcob       && sed -e '/# am--include-marker/d' Makefile         | make -f - am--depfiles
config.status:1682: $? = 0
config.status:1677: cd lib       && sed -e '/# am--include-marker/d' Makefile         | make -f - am--depfiles
config.status:1682: $? = 0
config.status:1677: cd cobc       && sed -e '/# am--include-marker/d' Makefile         | make -f - am--depfiles
config.status:1682: $? = 0
config.status:1677: cd bin       && sed -e '/# am--include-marker/d' Makefile         | make -f - am--depfiles
config.status:1682: $? = 0
config.status:1571: executing libtool commands
config.status:1571: executing po-directories commands
config.status:1571: executing chmod commands
configure:25973: GnuCOBOL Configuration:
configure:25975:  CC                gcc
configure:25977:  CFLAGS            -O2 -pipe -finline-functions -fsigned-char -Wall -Wwrite-strings -Wmissing-prototypes -Wno-format-y2k
configure:25979:  LDFLAGS            -Wl,-z,relro,-z,now,-O1
configure:25981:  LIBCOB_LIBS        -lgmp -lxml2 -lncursesw
configure:25987:  COB_CC            gcc
configure:25989:  COB_CFLAGS        -pipe -I/home/a7medmaher/Github/gnucobol/.local/include -Wno-unused -fsigned-char -Wno-pointer-sign
configure:25991:  COB_LDFLAGS       
configure:25993:  COB_DEBUG_FLAGS   -ggdb3 -fasynchronous-unwind-tables
configure:25995:  COB_LIBS          -L${exec_prefix}/lib -lcob
configure:25997:  COB_CONFIG_DIR    ${datarootdir}/gnucobol/config
configure:25999:  COB_COPY_DIR      ${datarootdir}/gnucobol/copy
configure:26001:  COB_LIBRARY_PATH  ${exec_prefix}/lib/gnucobol
configure:26003:  COB_OBJECT_EXT    o
configure:26005:  COB_MODULE_EXT    so
configure:26007:  COB_EXE_EXT       
configure:26009:  COB_SHARED_OPT    -shared
configure:26011:  COB_PIC_FLAGS     -fPIC -DPIC
configure:26013:  COB_EXPORT_DYN    -Wl,--export-dynamic
configure:26016:  COB_STRIP_CMD     strip --strip-unneeded
configure:26020:  Dynamic loading:                             System
configure:26026:  Use gettext for international messages:      yes
configure:26028:  Use fcntl for file locking:                  yes
configure:26030:  Use math multiple precision library:         gmp
configure:26042:  Use curses library for screen I/O:           ncursesw
configure:26074:  INDEXED I/O (no handler configured):         NO
configure:26088:  Used for XML I/O:                            libxml2
configure:26098:  JSON I/O (disabled):                         NO

## ---------------- ##
## Cache variables. ##
## ---------------- ##

ac_cv_build=x86_64-pc-linux-gnu
ac_cv_c_bigendian=no
ac_cv_c_compiler_gnu=yes
ac_cv_c_const=yes
ac_cv_c_undeclared_builtin_options='none needed'
ac_cv_defined_LIBXML_WRITER_ENABLED_libxml_xmlwriter_h=yes
ac_cv_env_BDB_CFLAGS_set=
ac_cv_env_BDB_CFLAGS_value=
ac_cv_env_BDB_LIBS_set=
ac_cv_env_BDB_LIBS_value=
ac_cv_env_CC_set=
ac_cv_env_CC_value=
ac_cv_env_CFLAGS_set=
ac_cv_env_CFLAGS_value=
ac_cv_env_CJSON_CFLAGS_set=
ac_cv_env_CJSON_CFLAGS_value=
ac_cv_env_CJSON_LIBS_set=
ac_cv_env_CJSON_LIBS_value=
ac_cv_env_COBC_CPPFLAGS_set=
ac_cv_env_COBC_CPPFLAGS_value=
ac_cv_env_CPPFLAGS_set=
ac_cv_env_CPPFLAGS_value=
ac_cv_env_CPP_set=
ac_cv_env_CPP_value=
ac_cv_env_CURSES_LIBS_set=
ac_cv_env_CURSES_LIBS_value=
ac_cv_env_DIFF_FLAGS_set=
ac_cv_env_DIFF_FLAGS_value=
ac_cv_env_GMP_CFLAGS_set=
ac_cv_env_GMP_CFLAGS_value=
ac_cv_env_GMP_LIBS_set=
ac_cv_env_GMP_LIBS_value=
ac_cv_env_JSON_C_CFLAGS_set=
ac_cv_env_JSON_C_CFLAGS_value=
ac_cv_env_JSON_C_LIBS_set=
ac_cv_env_JSON_C_LIBS_value=
ac_cv_env_LDFLAGS_set=
ac_cv_env_LDFLAGS_value=
ac_cv_env_LIBCOB_CPPFLAGS_set=
ac_cv_env_LIBCOB_CPPFLAGS_value=
ac_cv_env_LIBCOB_LIBS_set=
ac_cv_env_LIBCOB_LIBS_value=
ac_cv_env_LIBS_set=
ac_cv_env_LIBS_value=
ac_cv_env_LT_SYS_LIBRARY_PATH_set=
ac_cv_env_LT_SYS_LIBRARY_PATH_value=
ac_cv_env_MPIR_CFLAGS_set=
ac_cv_env_MPIR_CFLAGS_value=
ac_cv_env_MPIR_LIBS_set=
ac_cv_env_MPIR_LIBS_value=
ac_cv_env_PKG_CONFIG_LIBDIR_set=
ac_cv_env_PKG_CONFIG_LIBDIR_value=
ac_cv_env_PKG_CONFIG_PATH_set=
ac_cv_env_PKG_CONFIG_PATH_value=
ac_cv_env_PKG_CONFIG_set=
ac_cv_env_PKG_CONFIG_value=
ac_cv_env_PROGRAMS_LIBS_set=
ac_cv_env_PROGRAMS_LIBS_value=
ac_cv_env_XML2_CFLAGS_set=
ac_cv_env_XML2_CFLAGS_value=
ac_cv_env_XML2_LIBS_set=
ac_cv_env_XML2_LIBS_value=
ac_cv_env_YACC_set=
ac_cv_env_YACC_value=
ac_cv_env_YFLAGS_set=
ac_cv_env_YFLAGS_value=
ac_cv_env_build_alias_set=
ac_cv_env_build_alias_value=
ac_cv_env_host_alias_set=
ac_cv_env_host_alias_value=
ac_cv_env_target_alias_set=
ac_cv_env_target_alias_value=
ac_cv_func_canonicalize_file_name=yes
ac_cv_func_dlopen=yes
ac_cv_func_fcntl=yes
ac_cv_func_fdatasync=yes
ac_cv_func_flockfile=yes
ac_cv_func_fmemopen=yes
ac_cv_func_getexecname=no
ac_cv_func_gettimeofday=yes
ac_cv_func_localeconv=yes
ac_cv_func_memmove=yes
ac_cv_func_memset=yes
ac_cv_func_popen=yes
ac_cv_func_raise=yes
ac_cv_func_readlink=yes
ac_cv_func_realpath=yes
ac_cv_func_setenv=yes
ac_cv_func_setlocale=yes
ac_cv_func_shl_load=no
ac_cv_func_sigaction=yes
ac_cv_func_strcasecmp=yes
ac_cv_func_strchr=yes
ac_cv_func_strcoll=yes
ac_cv_func_strdup=yes
ac_cv_func_strerror=yes
ac_cv_func_strrchr=yes
ac_cv_func_strstr=yes
ac_cv_func_strtol=yes
ac_cv_func_vprintf=yes
ac_cv_have_decl_fdatasync=yes
ac_cv_have_decl_fmemopen=yes
ac_cv_header_dlfcn_h=yes
ac_cv_header_fcntl_h=yes
ac_cv_header_gmp_h=yes
ac_cv_header_inttypes_h=yes
ac_cv_header_libxml_parser_h=yes
ac_cv_header_libxml_tree_h=yes
ac_cv_header_libxml_uri_h=yes
ac_cv_header_libxml_xmlversion_h=yes
ac_cv_header_libxml_xmlwriter_h=yes
ac_cv_header_locale_h=yes
ac_cv_header_minix_config_h=no
ac_cv_header_ncursesw_ncurses_h=yes
ac_cv_header_signal_h=yes
ac_cv_header_stddef_h=yes
ac_cv_header_stdint_h=yes
ac_cv_header_stdio_h=yes
ac_cv_header_stdlib_h=yes
ac_cv_header_string_h=yes
ac_cv_header_strings_h=yes
ac_cv_header_sys_stat_h=yes
ac_cv_header_sys_time_h=yes
ac_cv_header_sys_types_h=yes
ac_cv_header_unistd_h=yes
ac_cv_header_wchar_h=yes
ac_cv_host=x86_64-pc-linux-gnu
ac_cv_lib_c_dlopen=yes
ac_cv_lib_dld_shl_load=no
ac_cv_lib_gmp___gmp_get_memory_functions=yes
ac_cv_lib_lex='none needed'
ac_cv_lib_ncursesw_initscr=yes
ac_cv_objext=o
ac_cv_path_EGREP='/usr/bin/grep -E'
ac_cv_path_FGREP='/usr/bin/grep -F'
ac_cv_path_GMSGFMT=/usr/bin/msgfmt
ac_cv_path_GREP=/usr/bin/grep
ac_cv_path_MSGFMT=/usr/bin/msgfmt
ac_cv_path_MSGMERGE=/usr/bin/msgmerge
ac_cv_path_SED=/usr/bin/sed
ac_cv_path_XGETTEXT=/usr/bin/xgettext
ac_cv_path_ac_pt_PKG_CONFIG=/usr/bin/pkg-config
ac_cv_path_install='/usr/bin/install -c'
ac_cv_path_lt_DD=/usr/bin/dd
ac_cv_path_mkdir=/usr/bin/mkdir
ac_cv_prog_AWK=mawk
ac_cv_prog_LEX=flex
ac_cv_prog_PERL=perl
ac_cv_prog_YACC='bison -y'
ac_cv_prog_ac_ct_AR=ar
ac_cv_prog_ac_ct_CC=gcc
ac_cv_prog_ac_ct_MANIFEST_TOOL=mt
ac_cv_prog_ac_ct_OBJDUMP=objdump
ac_cv_prog_ac_ct_RANLIB=ranlib
ac_cv_prog_ac_ct_STRIP=strip
ac_cv_prog_cc_c11=
ac_cv_prog_cc_g=yes
ac_cv_prog_cc_stdc=
ac_cv_prog_configured_make=make
ac_cv_prog_lex_root=lex.yy
ac_cv_prog_lex_yytext_pointer=yes
ac_cv_prog_make_make_set=yes
ac_cv_safe_to_define___extensions__=yes
ac_cv_search_yywrap=-ll
ac_cv_should_define__xopen_source=no
ac_cv_sizeof_long=8
ac_cv_sizeof_long_int=8
ac_cv_sizeof_long_long=8
ac_cv_sizeof_void_p=8
ac_cv_struct_tm=time.h
ac_cv_type_sig_atomic_t=yes
ac_cv_type_size_t=yes
acl_cv_hardcode_direct=no
acl_cv_hardcode_libdir_flag_spec='${wl}-rpath ${wl}$libdir'
acl_cv_hardcode_libdir_separator=
acl_cv_hardcode_minus_L=no
acl_cv_libext=a
acl_cv_libname_spec='lib$name'
acl_cv_library_names_spec='$libname$shrext'
acl_cv_path_LD='/usr/bin/ld -m elf_x86_64'
acl_cv_prog_gnu_ld=yes
acl_cv_rpath=done
acl_cv_shlibext=so
acl_cv_wl=-Wl,
am_cv_CC_dependencies_compiler_type=gcc3
am_cv_ar_interface=ar
am_cv_langinfo_codeset=yes
am_cv_make_support_nested_variables=yes
am_cv_prog_cc_c_o=yes
ax_cv_prog_bison=yes
ax_cv_prog_flex=yes
gc_cv_attribute_aligned=yes
gc_cv_attribute_constructor=yes
gc_cv_attribute_pure=yes
gc_cv_designated_inits=yes
gc_cv_err_warn='-Wall -Werror'
gc_cv_gcc_pipe=yes
gc_cv_keyword_inline=__inline
gc_cv_time_timezone=yes
gt_cv_func_CFLocaleCopyCurrent=no
gt_cv_func_CFLocaleCopyPreferredLanguages=no
gt_cv_func_CFPreferencesCopyAppValue=no
gt_cv_func_gnugettext1_libc=yes
lt_cv_ar_at_file=@
lt_cv_archive_cmds_need_lc=no
lt_cv_deplibs_check_method=pass_all
lt_cv_dlopen=dlopen
lt_cv_dlopen_libs=
lt_cv_dlopen_self=yes
lt_cv_dlopen_self_static=no
lt_cv_file_magic_cmd='$MAGIC_CMD'
lt_cv_file_magic_test_file=
lt_cv_ld_reload_flag=-r
lt_cv_nm_interface='BSD nm'
lt_cv_objdir=.libs
lt_cv_path_LD=/usr/bin/ld
lt_cv_path_NM='/usr/bin/nm -B'
lt_cv_path_mainfest_tool=no
lt_cv_prog_compiler_c_o=yes
lt_cv_prog_compiler_c_o_RC=yes
lt_cv_prog_compiler_pic='-fPIC -DPIC'
lt_cv_prog_compiler_pic_works=yes
lt_cv_prog_compiler_rtti_exceptions=no
lt_cv_prog_compiler_static_works=yes
lt_cv_prog_gnu_ld=yes
lt_cv_sharedlib_from_linklib_cmd='printf %s\n'
lt_cv_shlibpath_overrides_runpath=yes
lt_cv_sys_global_symbol_pipe='sed -n -e '\''s/^.*[	 ]\([ABCDGIRSTW][ABCDGIRSTW]*\)[	 ][	 ]*\([_A-Za-z][_A-Za-z0-9]*\)$/\1 \2 \2/p'\'' | sed '\''/ __gnu_lto/d'\'''
lt_cv_sys_global_symbol_to_c_name_address='sed -n -e '\''s/^: \(.*\) .*$/  {"\1", (void *) 0},/p'\'' -e '\''s/^[ABCDGIRSTW][ABCDGIRSTW]* .* \(.*\)$/  {"\1", (void *) \&\1},/p'\'''
lt_cv_sys_global_symbol_to_c_name_address_lib_prefix='sed -n -e '\''s/^: \(.*\) .*$/  {"\1", (void *) 0},/p'\'' -e '\''s/^[ABCDGIRSTW][ABCDGIRSTW]* .* \(lib.*\)$/  {"\1", (void *) \&\1},/p'\'' -e '\''s/^[ABCDGIRSTW][ABCDGIRSTW]* .* \(.*\)$/  {"lib\1", (void *) \&\1},/p'\'''
lt_cv_sys_global_symbol_to_cdecl='sed -n -e '\''s/^T .* \(.*\)$/extern int \1();/p'\'' -e '\''s/^[ABCDGIRSTW][ABCDGIRSTW]* .* \(.*\)$/extern char \1;/p'\'''
lt_cv_sys_global_symbol_to_import=
lt_cv_sys_max_cmd_len=1572864
lt_cv_to_host_file_cmd=func_convert_file_noop
lt_cv_to_tool_file_cmd=func_convert_file_noop
lt_cv_truncate_bin='/usr/bin/dd bs=4096 count=1'
pkg_cv_GMP_CFLAGS=
pkg_cv_GMP_LIBS=-lgmp
pkg_cv_XML2_CFLAGS=-I/usr/include/libxml2
pkg_cv_XML2_LIBS=-lxml2

## ----------------- ##
## Output variables. ##
## ----------------- ##

ACLOCAL='${SHELL} '\''/home/a7medmaher/Github/gnucobol/build_aux/missing'\'' aclocal-1.16'
AMDEPBACKSLASH='\'
AMDEP_FALSE='#'
AMDEP_TRUE=''
AMTAR='$${TAR-tar}'
AM_BACKSLASH='\'
AM_DEFAULT_V='$(AM_DEFAULT_VERBOSITY)'
AM_DEFAULT_VERBOSITY='1'
AM_V='$(V)'
AR='ar'
AS='as'
AUTOCONF='${SHELL} '\''/home/a7medmaher/Github/gnucobol/build_aux/missing'\'' autoconf'
AUTOHEADER='${SHELL} '\''/home/a7medmaher/Github/gnucobol/build_aux/missing'\'' autoheader'
AUTOMAKE='${SHELL} '\''/home/a7medmaher/Github/gnucobol/build_aux/missing'\'' automake-1.16'
AWK='mawk'
BDB_CFLAGS=''
BDB_LIBS=''
CC='gcc'
CCDEPMODE='depmode=gcc3'
CFLAGS='-O2 -pipe -finline-functions -fsigned-char -Wall -Wwrite-strings -Wmissing-prototypes -Wno-format-y2k'
CJSON_CFLAGS=''
CJSON_LIBS=''
COBC_CPPFLAGS=''
COB_BIGENDIAN='no'
COB_CC='gcc'
COB_CFLAGS='-pipe -I/home/a7medmaher/Github/gnucobol/.local/include -Wno-unused -fsigned-char -Wno-pointer-sign'
COB_CONFIG_DIR='${datarootdir}/gnucobol/config'
COB_COPY_DIR='${datarootdir}/gnucobol/copy'
COB_ENABLE_DEBUG='no'
COB_EXE_EXT=''
COB_FIX_LIBTOOL=''
COB_HAS_64_BIT_POINTER='yes'
COB_HAS_CURSES='yes'
COB_HAS_ISAM='no'
COB_HAS_JSON='no'
COB_HAS_XML2='yes'
COB_LDFLAGS=''
COB_LIBRARY_PATH='${exec_prefix}/lib/gnucobol'
COB_LIBS='-L${exec_prefix}/lib -lcob'
COB_MAKE_IX_FALSE=''
COB_MAKE_IX_TRUE='#'
COB_MAKE_RUN_BINARIES_FALSE='#'
COB_MAKE_RUN_BINARIES_TRUE=''
COB_MODULE_EXT='so'
COB_OBJECT_EXT='o'
COB_PATCH_LEVEL='0'
CODE_COVERAGE_CFLAGS=''
CODE_COVERAGE_CPPFLAGS=''
CODE_COVERAGE_CXXFLAGS=''
CODE_COVERAGE_ENABLED='no'
CODE_COVERAGE_ENABLED_FALSE=''
CODE_COVERAGE_ENABLED_TRUE='#'
CODE_COVERAGE_LIBS=''
CPP=''
CPPFLAGS=''
CSCOPE='cscope'
CTAGS='ctags'
CURSES_LIBS='-lncursesw'
CYGPATH_W='echo'
DEFS='-DHAVE_CONFIG_H'
DEPDIR='.deps'
DIFF_FLAGS='--strip-trailing-cr'
DLLTOOL='false'
DSYMUTIL=''
DUMPBIN=''
ECHO_C=''
ECHO_N='-n'
ECHO_T=''
EGREP='/usr/bin/grep -E'
ETAGS='etags'
EXEEXT=''
FGREP='/usr/bin/grep -F'
GCOV=''
GENHTML=''
GETTEXT_MACRO_VERSION='0.20'
GMP_CFLAGS=''
GMP_LIBS='-lgmp'
GMSGFMT='/usr/bin/msgfmt'
GMSGFMT_015='/usr/bin/msgfmt'
GREP='/usr/bin/grep'
HELP2MAN='${SHELL} '\''/home/a7medmaher/Github/gnucobol/build_aux/missing'\'' help2man'
INSTALL_DATA='${INSTALL} -m 644'
INSTALL_PROGRAM='${INSTALL}'
INSTALL_SCRIPT='${INSTALL}'
INSTALL_STRIP_PROGRAM='$(install_sh) -c -s'
INTLLIBS=''
INTL_MACOSX_LIBS=''
JSON_C_CFLAGS=''
JSON_C_LIBS=''
LCOV=''
LD='/usr/bin/ld -m elf_x86_64'
LDFLAGS=' -Wl,-z,relro,-z,now,-O1'
LEX='flex'
LEXLIB='-ll '
LEX_OUTPUT_ROOT='lex.yy'
LIBCOB_CPPFLAGS=' -I/usr/include/libxml2'
LIBCOB_LIBS=' -lgmp -lxml2 -lncursesw'
LIBICONV='-liconv'
LIBINTL=''
LIBOBJS=''
LIBS=''
LIBTOOL='$(SHELL) $(top_builddir)/libtool'
LIPO=''
LN_S='ln -s'
LOCAL_CJSON_FALSE=''
LOCAL_CJSON_TRUE='#'
LTLIBICONV='-liconv'
LTLIBINTL=''
LTLIBOBJS=''
LT_SYS_LIBRARY_PATH=''
MAKE='make'
MAKEINFO='${SHELL} '\''/home/a7medmaher/Github/gnucobol/build_aux/missing'\'' makeinfo'
MAKE_HAS_PREREQ_ONLY_FALSE='#'
MAKE_HAS_PREREQ_ONLY_TRUE=''
MANIFEST_TOOL=':'
MKDIR_P='/usr/bin/mkdir -p'
MPIR_CFLAGS=''
MPIR_LIBS=''
MSGFMT='/usr/bin/msgfmt'
MSGMERGE='/usr/bin/msgmerge'
MSGMERGE_FOR_MSGFMT_OPTION='--for-msgfmt'
NM='/usr/bin/nm -B'
NMEDIT=''
OBJDUMP='objdump'
OBJEXT='o'
OTOOL64=''
OTOOL=''
PACKAGE='gnucobol'
PACKAGE_BUGREPORT='bug-gnucobol@gnu.org'
PACKAGE_NAME='GnuCOBOL'
PACKAGE_STRING='GnuCOBOL 3.3-dev'
PACKAGE_TARNAME='gnucobol'
PACKAGE_URL='https://www.gnu.org/software/gnucobol/'
PACKAGE_VERSION='3.3-dev'
PATH_SEPARATOR=':'
PERL='perl'
PKG_CONFIG='/usr/bin/pkg-config'
PKG_CONFIG_LIBDIR=''
PKG_CONFIG_PATH=''
POSUB='po'
PROGRAMS_LIBS=''
QUOTE_INCLUDE_FLAG=''
RANLIB='ranlib'
RC=''
SED='/usr/bin/sed'
SET_MAKE=''
SHELL='/bin/bash'
STRIP='strip'
USE_NLS='yes'
VERSION='3.3-dev'
XGETTEXT='/usr/bin/xgettext'
XGETTEXT_015='/usr/bin/xgettext'
XGETTEXT_EXTRA_OPTIONS=''
XML2_CFLAGS='-I/usr/include/libxml2'
XML2_CONFIG=''
XML2_LIBS='-lxml2'
YACC='bison -o y.tab.c'
YFLAGS=''
ac_ct_AR='ar'
ac_ct_CC='gcc'
ac_ct_DUMPBIN=''
am__EXEEXT_FALSE=''
am__EXEEXT_TRUE='#'
am__fastdepCC_FALSE='#'
am__fastdepCC_TRUE=''
am__include='include'
am__isrc=' -I$(srcdir)'
am__leading_dot='.'
am__nodep='_no'
am__quote=''
am__tar='$${TAR-tar} chof - "$$tardir"'
am__untar='$${TAR-tar} xf -'
bindir='${exec_prefix}/bin'
build='x86_64-pc-linux-gnu'
build_alias=''
build_cpu='x86_64'
build_os='linux-gnu'
build_vendor='pc'
configured_make='make'
datadir='${datarootdir}'
datarootdir='${prefix}/share'
docdir='${datarootdir}/doc/${PACKAGE_TARNAME}'
dvidir='${docdir}'
exec_prefix='${prefix}'
host='x86_64-pc-linux-gnu'
host_alias=''
host_cpu='x86_64'
host_os='linux-gnu'
host_vendor='pc'
htmldir='${docdir}'
ifGNUmake=''
ifnGNUmake=''
includedir='${prefix}/include'
infodir='${datarootdir}/info'
install_sh='${SHELL} /home/a7medmaher/Github/gnucobol/build_aux/install-sh'
libdir='${exec_prefix}/lib'
libexecdir='${exec_prefix}/libexec'
localedir='${datarootdir}/locale'
localstatedir='${prefix}/var'
mandir='${datarootdir}/man'
mkdir_p='$(MKDIR_P)'
oldincludedir='/usr/include'
pdfdir='${docdir}'
prefix='/home/a7medmaher/Github/gnucobol/.local'
program_transform_name='s,x,x,'
psdir='${docdir}'
runstatedir='${localstatedir}/run'
sbindir='${exec_prefix}/sbin'
sharedstatedir='${prefix}/com'
sysconfdir='${prefix}/etc'
target_alias=''

## ----------- ##
## confdefs.h. ##
## ----------- ##

/* confdefs.h */
#define PACKAGE_NAME "GnuCOBOL"
#define PACKAGE_TARNAME "gnucobol"
#define PACKAGE_VERSION "3.3-dev"
#define PACKAGE_STRING "GnuCOBOL 3.3-dev"
#define PACKAGE_BUGREPORT "bug-gnucobol@gnu.org"
#define PACKAGE_URL "https://www.gnu.org/software/gnucobol/"
#define PACKAGE "gnucobol"
#define PATCH_LEVEL 0
#define MAX_CALL_FIELD_PARAMS 192
#define HAVE_STDIO_H 1
#define HAVE_STDLIB_H 1
#define HAVE_STRING_H 1
#define HAVE_INTTYPES_H 1
#define HAVE_STDINT_H 1
#define HAVE_STRINGS_H 1
#define HAVE_SYS_STAT_H 1
#define HAVE_SYS_TYPES_H 1
#define HAVE_UNISTD_H 1
#define HAVE_WCHAR_H 1
#define STDC_HEADERS 1
#define _ALL_SOURCE 1
#define _DARWIN_C_SOURCE 1
#define _GNU_SOURCE 1
#define _HPUX_ALT_XOPEN_SOCKET_API 1
#define _NETBSD_SOURCE 1
#define _OPENBSD_SOURCE 1
#define _POSIX_PTHREAD_SEMANTICS 1
#define __STDC_WANT_IEC_60559_ATTRIBS_EXT__ 1
#define __STDC_WANT_IEC_60559_BFP_EXT__ 1
#define __STDC_WANT_IEC_60559_DFP_EXT__ 1
#define __STDC_WANT_IEC_60559_FUNCS_EXT__ 1
#define __STDC_WANT_IEC_60559_TYPES_EXT__ 1
#define __STDC_WANT_LIB_EXT2__ 1
#define __STDC_WANT_MATH_SPEC_FUNCS__ 1
#define _TANDEM_SOURCE 1
#define __EXTENSIONS__ 1
#define HAVE_DLFCN_H 1
#define LT_OBJDIR ".libs/"
#define YYTEXT_POINTER 1
#define HAVE_SYS_TYPES_H 1
#define HAVE_SIGNAL_H 1
#define HAVE_STDDEF_H 1
#define HAVE_SYS_TIME_H 1
#define HAVE_LOCALE_H 1
#define HAVE_FCNTL_H 1
#define HAVE_DLFCN_H 1
#define HAVE_STDINT_H 1
#define HAVE_INTTYPES_H 1
#define HAVE_SIG_ATOMIC_T 1
#define COB_KEYWORD_INLINE __inline
#define HAVE_VPRINTF 1
#define HAVE_MEMMOVE 1
#define HAVE_MEMSET 1
#define HAVE_SETLOCALE 1
#define HAVE_FCNTL 1
#define HAVE_STRERROR 1
#define HAVE_STRCASECMP 1
#define HAVE_STRCHR 1
#define HAVE_STRRCHR 1
#define HAVE_STRDUP 1
#define HAVE_STRSTR 1
#define HAVE_STRTOL 1
#define HAVE_GETTIMEOFDAY 1
#define HAVE_LOCALECONV 1
#define HAVE_CANONICALIZE_FILE_NAME 1
#define HAVE_POPEN 1
#define HAVE_RAISE 1
#define HAVE_READLINK 1
#define HAVE_REALPATH 1
#define HAVE_SETENV 1
#define HAVE_STRCOLL 1
#define HAVE_FLOCKFILE 1
#define HAVE_TIMEZONE 1
#define HAVE_DESIGNATED_INITS 1
#define HAVE_GMP_H 1
#define HAVE_MP_GET_MEMORY_FUNCTIONS 1
#define WITH_XML2 1
#define WITH_JSON "disabled"
#define WITH_VARSEQ 0
#define HAVE_NANO_SLEEP 1
#define HAVE_CLOCK_GETTIME 1
#define HAVE_ISFINITE 1
#define HAVE_FDATASYNC 1
#define HAVE_SIGACTION 1
#define HAVE_FMEMOPEN 1
#define HAVE_DECL_FDATASYNC 1
#define HAVE_DECL_FMEMOPEN 1
#define HAVE_NCURSESW_NCURSES_H 1
#define WITH_CURSES "ncursesw"
#define HAVE_CURSES_FREEALL 1
#define HAVE_USE_LEGACY_CODING 1
#define HAVE_COLOR_SET 1
#define HAVE_RESIZE_TERM 1
#define HAVE_DEFINE_KEY 1
#define HAVE_MOUSEINTERVAL 1
#define HAVE_HAS_MOUSE 1
#define HAVE_MOUSEMASK 1
#define USE_LIBDL 1
#define COB_COMPUTED_GOTO 1
#define SIZEOF_LONG_INT 8
#define SIZEOF_LONG_LONG 8
#define SIZEOF_LONG 8
#define SIZEOF_VOID_P 8
#define COB_LI_IS_LL 1
#define COB_64_BIT_POINTER 1
#define HAVE_ATTRIBUTE_ALIGNED 1
#define HAVE_ATTRIBUTE_PURE 1
#define HAVE_ATTRIBUTE_CONSTRUCTOR 1
#define ENABLE_NLS 1
#define HAVE_GETTEXT 1
#define HAVE_DCGETTEXT 1
#define HAVE_LANGINFO_CODESET 1
#define COB_CC "gcc"
#define COB_CFLAGS "-pipe -I/home/a7medmaher/Github/gnucobol/.local/include -Wno-unused -fsigned-char -Wno-pointer-sign"
#define COB_LDFLAGS ""
#define COB_LIBS "-L/home/a7medmaher/Github/gnucobol/.local/lib -lcob"
#define COB_PIC_FLAGS "-fPIC -DPIC"
#define COB_DEBUG_FLAGS "-ggdb3 -fasynchronous-unwind-tables"
#define COB_EXPORT_DYN "-Wl,--export-dynamic"
#define COB_SHARED_OPT "-shared"
#define COB_MODULE_EXT "so"
#define COB_OBJECT_EXT "o"
#define COB_EXE_EXT ""
#define COB_LIBRARY_PATH "/home/a7medmaher/Github/gnucobol/.local/lib/gnucobol"
#define COB_STRIP_CMD "strip --strip-unneeded"
#define COB_CONFIG_DIR "/home/a7medmaher/Github/gnucobol/.local/share/gnucobol/config"
#define COB_COPY_DIR "/home/a7medmaher/Github/gnucobol/.local/share/gnucobol/copy"
#define COBCRUN_NAME "cobcrun"
#define COB_BLD_CC "gcc"
#define COB_BLD_CFLAGS "-O2 -pipe -finline-functions -fsigned-char -Wall -Wwrite-strings -Wmissing-prototypes -Wno-format-y2k"
#define COB_BLD_CPPFLAGS ""
#define COB_BLD_LD "/usr/bin/ld -m elf_x86_64"
#define COB_BLD_LDFLAGS " -Wl,-z,relro,-z,now,-O1"
#define COB_BLD_BUILD "x86_64-pc-linux-gnu"

configure: exit 0
